<?xml version="1.0" encoding="UTF-8"?>
<testsuite xmlns:xsi="http://www.w3.org/2001/XMLSchema-instance" xsi:noNamespaceSchemaLocation="https://maven.apache.org/surefire/maven-failsafe-plugin/xsd/failsafe-test-report-3.0.xsd" version="3.0" name="User on landing page" time="227.17" tests="12" errors="0" skipped="0" failures="0">
  <properties>
[...]
</properties>
  <testcase name="User membuka page pertanyaan" classname="User on landing page" time="30.081">
    <system-out><![CDATA[09:35:47.418 [main] DEBUG net.thucydides.core.util.PropertiesFileLocalPreferences - LOADING LOCAL PROPERTIES FROM D:\cicd\web\serenity.properties 

09:35:47.462 [main] DEBUG net.thucydides.core.util.PropertiesFileLocalPreferences - LOADING LOCAL PROPERTIES FROM D:\cicd\web\serenity.properties 

09:35:47.462 [main] DEBUG net.thucydides.core.util.PropertiesFileLocalPreferences - LOADING LOCAL PROPERTIES FROM D:\cicd\web\serenity.properties 

09:35:47.480 [main] DEBUG net.thucydides.core.util.PropertiesFileLocalPreferences - webdriver.driver=chrome

09:35:47.480 [main] DEBUG net.thucydides.core.util.PropertiesFileLocalPreferences - webdriver.chrome.driver=src/test/resources/webdriver/chromedriver

09:35:47.480 [main] DEBUG net.thucydides.core.util.PropertiesFileLocalPreferences - webdriver.base.url=https://diskusiaza.netlify.app

09:35:48.418 [pool-2-thread-1] INFO io.cucumber.core.plugin.SerenityReporter - Running feature from file:///D:/cicd/web/src/test/resources/web/LandingPage.feature

09:35:48.419 [pool-2-thread-1] WARN io.cucumber.core.plugin.SerenityReporter - Feature from file:///D:/cicd/web/src/test/resources/web/LandingPage.feature is not under the 'features' directory. Requirements report will not be correctly generated!

09:35:48.751 [pool-2-thread-1] DEBUG net.thucydides.core.util.PropertiesFileLocalPreferences - LOADING LOCAL PROPERTIES FROM D:\cicd\web\serenity.properties 

09:35:48.762 [pool-2-thread-1] DEBUG net.thucydides.core.util.PropertiesFileLocalPreferences - LOADING LOCAL PROPERTIES FROM D:\cicd\web\serenity.properties 

09:35:48.762 [pool-2-thread-1] DEBUG net.thucydides.core.util.PropertiesFileLocalPreferences - LOADING LOCAL PROPERTIES FROM D:\cicd\web\serenity.properties 

09:35:48.765 [pool-2-thread-1] DEBUG net.thucydides.core.util.PropertiesFileLocalPreferences - webdriver.driver=chrome

09:35:48.766 [pool-2-thread-1] DEBUG net.thucydides.core.util.PropertiesFileLocalPreferences - webdriver.chrome.driver=src/test/resources/webdriver/chromedriver

09:35:48.766 [pool-2-thread-1] DEBUG net.thucydides.core.util.PropertiesFileLocalPreferences - webdriver.base.url=https://diskusiaza.netlify.app

09:35:48.781 [pool-2-thread-1] INFO  - 

-------------------------------------------------------------------------------------
     _______. _______ .______       _______ .__   __.  __  .___________.____    ____ 
    /       ||   ____||   _  \     |   ____||  \ |  | |  | |           |\   \  /   / 
   |   (----`|  |__   |  |_)  |    |  |__   |   \|  | |  | `---|  |----` \   \/   /  
    \   \    |   __|  |      /     |   __|  |  . `  | |  |     |  |       \_    _/   
.----)   |   |  |____ |  |\  \----.|  |____ |  |\   | |  |     |  |         |  |     
|_______/    |_______|| _| `._____||_______||__| \__| |__|     |__|         |__|    
                                                                                     
 News and tutorials at http://www.serenity-bdd.info                                  
 Documentation at https://wakaleo.gitbooks.io/the-serenity-book/content/             
 Join the Serenity Community on Gitter: https://gitter.im/serenity-bdd/serenity-core 
 Serenity BDD Support and Training at http://serenity-bdd.info/#/trainingandsupport  
-------------------------------------------------------------------------------------


09:35:48.788 [pool-2-thread-1] DEBUG net.thucydides.core.steps.StepEventBus - Test suite started for story net.thucydides.core.model.Story@43bd06a1

09:35:48.792 [pool-2-thread-1] INFO  - Test Suite Started: User on landing page

09:35:48.818 [pool-2-thread-1] INFO io.cucumber.core.plugin.SerenityReporter - Running feature from file:///D:/cicd/web/src/test/resources/web/Login.feature

09:35:48.818 [pool-2-thread-1] WARN io.cucumber.core.plugin.SerenityReporter - Feature from file:///D:/cicd/web/src/test/resources/web/Login.feature is not under the 'features' directory. Requirements report will not be correctly generated!

09:35:48.833 [pool-2-thread-1] DEBUG net.thucydides.core.steps.StepEventBus - Test suite started for story net.thucydides.core.model.Story@60b2a596

09:35:48.835 [pool-2-thread-1] INFO  - Test Suite Started: User on login page

09:35:48.835 [pool-2-thread-1] INFO io.cucumber.core.plugin.SerenityReporter - Running feature from file:///D:/cicd/web/src/test/resources/web/PageJawab.feature

09:35:48.835 [pool-2-thread-1] WARN io.cucumber.core.plugin.SerenityReporter - Feature from file:///D:/cicd/web/src/test/resources/web/PageJawab.feature is not under the 'features' directory. Requirements report will not be correctly generated!

09:35:48.849 [pool-2-thread-1] DEBUG net.thucydides.core.steps.StepEventBus - Test suite started for story net.thucydides.core.model.Story@547c4c42

09:35:48.851 [pool-2-thread-1] INFO  - Test Suite Started: user on page jawaban

09:35:48.852 [pool-2-thread-1] INFO io.cucumber.core.plugin.SerenityReporter - Running feature from file:///D:/cicd/web/src/test/resources/web/PagePertanyaan.feature

09:35:48.852 [pool-2-thread-1] WARN io.cucumber.core.plugin.SerenityReporter - Feature from file:///D:/cicd/web/src/test/resources/web/PagePertanyaan.feature is not under the 'features' directory. Requirements report will not be correctly generated!

09:35:48.866 [pool-2-thread-1] DEBUG net.thucydides.core.steps.StepEventBus - Test suite started for story net.thucydides.core.model.Story@8e36d4a1

09:35:48.868 [pool-2-thread-1] INFO  - Test Suite Started: user on page pertanyaan

09:35:48.868 [pool-2-thread-1] INFO io.cucumber.core.plugin.SerenityReporter - Running feature from file:///D:/cicd/web/src/test/resources/web/PageRuangAdmin.feature

09:35:48.869 [pool-2-thread-1] WARN io.cucumber.core.plugin.SerenityReporter - Feature from file:///D:/cicd/web/src/test/resources/web/PageRuangAdmin.feature is not under the 'features' directory. Requirements report will not be correctly generated!

09:35:48.880 [pool-2-thread-1] DEBUG net.thucydides.core.steps.StepEventBus - Test suite started for story net.thucydides.core.model.Story@5f423a4

09:35:48.881 [pool-2-thread-1] INFO  - Test Suite Started: user on page ruang admin

09:35:48.881 [pool-2-thread-1] INFO io.cucumber.core.plugin.SerenityReporter - Running feature from file:///D:/cicd/web/src/test/resources/web/PageRuangModerator.feature

09:35:48.882 [pool-2-thread-1] WARN io.cucumber.core.plugin.SerenityReporter - Feature from file:///D:/cicd/web/src/test/resources/web/PageRuangModerator.feature is not under the 'features' directory. Requirements report will not be correctly generated!

09:35:48.892 [pool-2-thread-1] DEBUG net.thucydides.core.steps.StepEventBus - Test suite started for story net.thucydides.core.model.Story@42990664

09:35:48.893 [pool-2-thread-1] INFO  - Test Suite Started: user on page ruang moderator

09:35:48.894 [pool-2-thread-1] INFO io.cucumber.core.plugin.SerenityReporter - Running feature from file:///D:/cicd/web/src/test/resources/web/PageRuangUser.feature

09:35:48.894 [pool-2-thread-1] WARN io.cucumber.core.plugin.SerenityReporter - Feature from file:///D:/cicd/web/src/test/resources/web/PageRuangUser.feature is not under the 'features' directory. Requirements report will not be correctly generated!

09:35:48.906 [pool-2-thread-1] DEBUG net.thucydides.core.steps.StepEventBus - Test suite started for story net.thucydides.core.model.Story@681c742c

09:35:48.908 [pool-2-thread-1] INFO  - Test Suite Started: user on page ruang user

09:35:48.908 [pool-2-thread-1] INFO io.cucumber.core.plugin.SerenityReporter - Running feature from file:///D:/cicd/web/src/test/resources/web/Register.feature

09:35:48.908 [pool-2-thread-1] WARN io.cucumber.core.plugin.SerenityReporter - Feature from file:///D:/cicd/web/src/test/resources/web/Register.feature is not under the 'features' directory. Requirements report will not be correctly generated!

09:35:48.930 [pool-2-thread-1] DEBUG net.thucydides.core.steps.StepEventBus - Test suite started for story net.thucydides.core.model.Story@e2a1231a

09:35:48.932 [pool-2-thread-1] INFO  - Test Suite Started: user on register page


@landing
Scenario: User membuka page pertanyaan                                               &amp#27;[90m# src/test/resources/web/LandingPage.feature:4&amp#27;[0m
09:35:49.541 [pool-2-thread-1] INFO io.cucumber.core.plugin.SerenityReporter - Running feature from file:///D:/cicd/web/src/test/resources/web/LandingPage.feature
09:35:49.541 [pool-2-thread-1] WARN io.cucumber.core.plugin.SerenityReporter - Feature from file:///D:/cicd/web/src/test/resources/web/LandingPage.feature is not under the 'features' directory. Requirements report will not be correctly generated!
09:35:49.709 [pool-2-thread-1] INFO  - 
  _____   ___   ___   _____     ___   _____     _     ___   _____   ___   ___  
 |_   _| | __| / __| |_   _|   / __| |_   _|   /_\   | _ \ |_   _| | __| |   \ 
   | |   | _|  \__ \   | |     \__ \   | |    / _ \  |   /   | |   | _|  | |) |
   |_|   |___| |___/   |_|     |___/   |_|   /_/ \_\ |_|_\   |_|   |___| |___/ 

User membuka page pertanyaan(user-on-landing-page;user-membuka-page-pertanyaan)
--------------------------------------------------------------------------------
09:35:51.081 [pool-2-thread-1] DEBUG net.thucydides.core.steps.StepInterceptor - STARTING STEP: LandingPageSteps.onLandingPage - openPage
09:35:51.169 [pool-2-thread-1] INFO net.serenitybdd.core.webdriver.driverproviders.ChromeDriverProvider - Using automatically driver download
09:35:51.905 [pool-2-thread-1] DEBUG io.github.bonigarcia.wdm.cache.ResolutionCache - Resolution chrome=103 in cache (valid until 09:53:19 18/07/2022 ICT)
09:35:51.913 [pool-2-thread-1] DEBUG io.github.bonigarcia.wdm.cache.ResolutionCache - Resolution chrome103=103.0.5060.53 in cache (valid until 19:04:47 18/07/2022 ICT)
09:35:51.915 [pool-2-thread-1] INFO io.github.bonigarcia.wdm.WebDriverManager - Using chromedriver 103.0.5060.53 (resolved driver for Chrome 103)
09:35:51.967 [pool-2-thread-1] DEBUG io.github.bonigarcia.wdm.WebDriverManager - Driver chromedriver 103.0.5060.53 found in cache
09:35:51.969 [pool-2-thread-1] INFO io.github.bonigarcia.wdm.WebDriverManager - Exporting webdriver.chrome.driver as C:\Users\Siti Nurlatipah\.cache\selenium\chromedriver\win32\103.0.5060.53\chromedriver.exe
09:35:53.603 [pool-2-thread-1] INFO net.serenitybdd.core.webdriver.driverproviders.ProvideNewDriver - Instantiating driver
09:35:53.603 [pool-2-thread-1] INFO net.serenitybdd.core.webdriver.driverproviders.ProvideNewDriver - Driver capabilities: Capabilities {acceptInsecureCerts: false, base.url: https://diskusiaza.netlify.app, browserName: chrome, chrome.driver: src/test/resources/webdrive..., driver: chrome, goog:chromeOptions: {args: [], extensions: []}, loggingPrefs: org.openqa.selenium.logging...}
09:36:11.104 [pool-2-thread-1] DEBUG net.serenitybdd.core.photography.Darkroom - Opening darkroom
09:36:11.106 [Darkroom Processing Line] DEBUG net.serenitybdd.core.photography.DarkroomProcessingLine - Darkroom processing line starting up
09:36:11.473 [pool-2-thread-1] DEBUG net.serenitybdd.core.photography.Darkroom - Send negative for processing for target\site\serenity\7556db4df44ebef8b767b3aa270c932b8cf2f9f4aff9dd178fa3083dd115384d.png
09:36:11.474 [Darkroom Processing Line] DEBUG net.serenitybdd.core.photography.DarkroomProcessingLine - Processing screenshot image in /var/screenshots/screenshot-365398699211439823
09:36:11.474 [Darkroom Processing Line] DEBUG net.serenitybdd.core.photography.DarkroomProcessingLine - Saving screenshot to target\site\serenity\7556db4df44ebef8b767b3aa270c932b8cf2f9f4aff9dd178fa3083dd115384d.png
09:36:11.477 [pool-2-thread-1] DEBUG net.thucydides.core.steps.StepInterceptor - STEP DONE: openPage
09:36:13.330 [pool-2-thread-1] DEBUG net.serenitybdd.core.photography.Darkroom - Send negative for processing for target\site\serenity\97c1a1cc150de8410c719c882343f1be64f5e536257a8692467d73f1459b3dc9.png
09:36:13.331 [Darkroom Processing Line] DEBUG net.serenitybdd.core.photography.DarkroomProcessingLine - Processing screenshot image in /var/screenshots/screenshot-4814960814392518655
09:36:13.331 [Darkroom Processing Line] DEBUG net.serenitybdd.core.photography.DarkroomProcessingLine - Saving screenshot to target\site\serenity\97c1a1cc150de8410c719c882343f1be64f5e536257a8692467d73f1459b3dc9.png
09:36:13.331 [pool-2-thread-1] DEBUG net.thucydides.core.steps.StepInterceptor - STARTING STEP: LandingPageSteps.onLandingPage - onLandingpage
09:36:14.546 [pool-2-thread-1] DEBUG net.serenitybdd.core.photography.Darkroom - Send negative for processing for target\site\serenity\01de39f8380861f7e892df310886ac428efa4a0ad8f8ac0e4af8f4b7b3b1d7f4.png
09:36:14.547 [pool-2-thread-1] DEBUG net.thucydides.core.steps.StepInterceptor - STEP DONE: onLandingpage
09:36:14.547 [Darkroom Processing Line] DEBUG net.serenitybdd.core.photography.DarkroomProcessingLine - Processing screenshot image in /var/screenshots/screenshot-12995875930534279663
09:36:14.547 [Darkroom Processing Line] DEBUG net.serenitybdd.core.photography.DarkroomProcessingLine - Saving screenshot to target\site\serenity\01de39f8380861f7e892df310886ac428efa4a0ad8f8ac0e4af8f4b7b3b1d7f4.png
  &amp#27;[32mGiven &amp#27;[0m&amp#27;[32muser login with email &amp#27;[0m&amp#27;[32m&amp#27;[1mii@gmail.com&amp#27;[0m&amp#27;[32m and password &amp#27;[0m&amp#27;[32m&amp#27;[1m123&amp#27;[0m&amp#27;[32m and user on landing page&amp#27;[0m &amp#27;[90m# StepDefinition.LandingPageSteps.onLandingPage(java.lang.String,java.lang.String)&amp#27;[0m
09:36:14.800 [pool-2-thread-1] DEBUG net.serenitybdd.core.photography.Darkroom - Send negative for processing for target\site\serenity\ad5dc16d5ab46b294c775eb7a92d3836575c5655bdb9a0c51c8dfe54578c1f07.png
09:36:14.801 [Darkroom Processing Line] DEBUG net.serenitybdd.core.photography.DarkroomProcessingLine - Processing screenshot image in /var/screenshots/screenshot-9540255979312532843
09:36:14.801 [pool-2-thread-1] DEBUG net.thucydides.core.steps.StepInterceptor - STARTING STEP: LandingPageSteps.tanyaButton - clickTanyaButton
09:36:14.801 [Darkroom Processing Line] DEBUG net.serenitybdd.core.photography.DarkroomProcessingLine - Saving screenshot to target\site\serenity\ad5dc16d5ab46b294c775eb7a92d3836575c5655bdb9a0c51c8dfe54578c1f07.png
09:36:15.615 [pool-2-thread-1] DEBUG net.serenitybdd.core.photography.Darkroom - Send negative for processing for target\site\serenity\3a133a87eb11c53e372f6bbd633f1acea8f1d92f688e7b4c0970b4dac47385fd.png
09:36:15.616 [pool-2-thread-1] DEBUG net.thucydides.core.steps.StepInterceptor - STEP DONE: clickTanyaButton
09:36:15.616 [Darkroom Processing Line] DEBUG net.serenitybdd.core.photography.DarkroomProcessingLine - Processing screenshot image in /var/screenshots/screenshot-12692051533988752843
09:36:15.616 [Darkroom Processing Line] DEBUG net.serenitybdd.core.photography.DarkroomProcessingLine - Saving screenshot to target\site\serenity\3a133a87eb11c53e372f6bbd633f1acea8f1d92f688e7b4c0970b4dac47385fd.png
  &amp#27;[32mWhen &amp#27;[0m&amp#27;[32muser klik 'tanya' button&amp#27;[0m                                                      &amp#27;[90m# StepDefinition.LandingPageSteps.tanyaButton()&amp#27;[0m
09:36:15.641 [pool-2-thread-1] DEBUG net.thucydides.core.steps.StepInterceptor - STARTING STEP: LandingPageSteps.succesKeHalTambahPertanyaan - validateOnTanyaPage
09:36:15.644 [pool-2-thread-1] DEBUG net.thucydides.core.steps.StepInterceptor - STEP DONE: validateOnTanyaPage
  &amp#27;[32mThen &amp#27;[0m&amp#27;[32muser sukses ke halaman tambah pertanyaan&amp#27;[0m                                      &amp#27;[90m# StepDefinition.LandingPageSteps.succesKeHalTambahPertanyaan()&amp#27;[0m
09:36:15.658 [pool-2-thread-1] INFO  - 
  _____   ___   ___   _____     ___     _     ___   ___   ___   ___  
 |_   _| | __| / __| |_   _|   | _ \   /_\   / __| / __| | __| |   \ 
   | |   | _|  \__ \   | |     |  _/  / _ \  \__ \ \__ \ | _|  | |) |
   |_|   |___| |___/   |_|     |_|   /_/ \_\ |___/ |___/ |___| |___/ 

User membuka page pertanyaan
----------------------------------------------------------------------
09:36:30.851 [Darkroom Processing Line] DEBUG net.serenitybdd.core.photography.DarkroomProcessingLine - Processing screenshot image in /var/screenshots/screenshot-11181664284949269207
09:36:30.851 [Darkroom Processing Line] DEBUG net.serenitybdd.core.photography.DarkroomProcessingLine - Saving screenshot to target\site\serenity\a133035bb989803e0b9574cf154b59dd0d38a9cfb77b65b04be291c405971384.png
09:36:45.610 [Darkroom Processing Line] DEBUG net.serenitybdd.core.photography.DarkroomProcessingLine - Processing screenshot image in /var/screenshots/screenshot-6456912837665045258
09:36:45.610 [Darkroom Processing Line] DEBUG net.serenitybdd.core.photography.DarkroomProcessingLine - Saving screenshot to target\site\serenity\c91153d5ef0ebc60389fadb93a228050654adddb14a6eb5b403c493cc653da78.png
09:36:47.057 [Darkroom Processing Line] DEBUG net.serenitybdd.core.photography.DarkroomProcessingLine - Processing screenshot image in /var/screenshots/screenshot-16448204722548078043
09:36:47.057 [Darkroom Processing Line] DEBUG net.serenitybdd.core.photography.DarkroomProcessingLine - Saving screenshot to target\site\serenity\796d8d5d605383db6e2b9bde01374895601856ade496678d8fe348ced63b6c3e.png
09:36:47.552 [Darkroom Processing Line] DEBUG net.serenitybdd.core.photography.DarkroomProcessingLine - Processing screenshot image in /var/screenshots/screenshot-12579110109401929345
09:36:47.552 [Darkroom Processing Line] DEBUG net.serenitybdd.core.photography.DarkroomProcessingLine - Saving screenshot to target\site\serenity\0f3a83318eec17f2f6a650a3f7f385ffaa400eea3924c2270ed587c06e449245.png
09:37:02.304 [Darkroom Processing Line] DEBUG net.serenitybdd.core.photography.DarkroomProcessingLine - Processing screenshot image in /var/screenshots/screenshot-14457669213131985221
09:37:02.305 [Darkroom Processing Line] DEBUG net.serenitybdd.core.photography.DarkroomProcessingLine - Saving screenshot to target\site\serenity\b4350af95aa5326130e52032481a8bb13641f176ecedb9491d572ce34635749b.png
09:37:03.594 [Darkroom Processing Line] DEBUG net.serenitybdd.core.photography.DarkroomProcessingLine - Processing screenshot image in /var/screenshots/screenshot-17443387265464346700
09:37:03.594 [Darkroom Processing Line] DEBUG net.serenitybdd.core.photography.DarkroomProcessingLine - Saving screenshot to target\site\serenity\b834b3c7577134006c218859b4617be7f1198a587955316bb0a2077c75a21f56.png
09:37:37.034 [Darkroom Processing Line] DEBUG net.serenitybdd.core.photography.DarkroomProcessingLine - Processing screenshot image in /var/screenshots/screenshot-8500820994905449910
09:37:37.035 [Darkroom Processing Line] DEBUG net.serenitybdd.core.photography.DarkroomProcessingLine - Saving screenshot to target\site\serenity\d1fb490485bd8f5824b7f2c1dd019d8c853c346d1f8ad06b5db28f295c76b83a.png
09:37:54.313 [Darkroom Processing Line] DEBUG net.serenitybdd.core.photography.DarkroomProcessingLine - Processing screenshot image in /var/screenshots/screenshot-4216447301941738259
09:37:54.313 [Darkroom Processing Line] DEBUG net.serenitybdd.core.photography.DarkroomProcessingLine - Saving screenshot to target\site\serenity\07909c7d378f905822949adf6d98bae371795aa81880f9fa0ce62ff1a38c5082.png
09:37:55.527 [Darkroom Processing Line] DEBUG net.serenitybdd.core.photography.DarkroomProcessingLine - Processing screenshot image in /var/screenshots/screenshot-488015659913396618
09:37:55.528 [Darkroom Processing Line] DEBUG net.serenitybdd.core.photography.DarkroomProcessingLine - Saving screenshot to target\site\serenity\f92249701c960d2aa6e637a1935094b72f08cb23c642a6970b304294a74f3372.png
09:37:56.562 [Darkroom Processing Line] DEBUG net.serenitybdd.core.photography.DarkroomProcessingLine - Processing screenshot image in /var/screenshots/screenshot-11767954821511174633
09:37:56.562 [Darkroom Processing Line] DEBUG net.serenitybdd.core.photography.DarkroomProcessingLine - Saving screenshot to target\site\serenity\3ee48c35466c490812d6f9997bec32c7d0ce02acbae2b052fb42e7ef37ee6667.png
09:37:57.223 [Darkroom Processing Line] DEBUG net.serenitybdd.core.photography.DarkroomProcessingLine - Processing screenshot image in /var/screenshots/screenshot-7661975673107289703
09:37:57.223 [Darkroom Processing Line] DEBUG net.serenitybdd.core.photography.DarkroomProcessingLine - Saving screenshot to target\site\serenity\26337059f68461ab58feacb6f7b4695e60dd051ea4c94b4f474cd2274f8afb00.png
09:38:09.046 [Darkroom Processing Line] DEBUG net.serenitybdd.core.photography.DarkroomProcessingLine - Processing screenshot image in /var/screenshots/screenshot-1875598726102470130
09:38:09.046 [Darkroom Processing Line] DEBUG net.serenitybdd.core.photography.DarkroomProcessingLine - Saving screenshot to target\site\serenity\4e11cc11200912983a075d30573cc28ccfb9b7a75e7057bb9be788c9ba8f9382.png
09:38:10.566 [Darkroom Processing Line] DEBUG net.serenitybdd.core.photography.DarkroomProcessingLine - Processing screenshot image in /var/screenshots/screenshot-4310683372277690029
09:38:10.566 [Darkroom Processing Line] DEBUG net.serenitybdd.core.photography.DarkroomProcessingLine - Saving screenshot to target\site\serenity\11021263f906ae8bc05094be9d16c9ae114868c8eec8e50b60d7409484b3b2f9.png
09:38:10.961 [Darkroom Processing Line] DEBUG net.serenitybdd.core.photography.DarkroomProcessingLine - Processing screenshot image in /var/screenshots/screenshot-9682383896789428659
09:38:10.961 [Darkroom Processing Line] DEBUG net.serenitybdd.core.photography.DarkroomProcessingLine - Saving screenshot to target\site\serenity\4f181c65705fe8e52f87a3b02c70612396657756511efd40183f62fd4f43c77f.png
09:38:27.215 [Darkroom Processing Line] DEBUG net.serenitybdd.core.photography.DarkroomProcessingLine - Processing screenshot image in /var/screenshots/screenshot-694683314554685006
09:38:27.215 [Darkroom Processing Line] DEBUG net.serenitybdd.core.photography.DarkroomProcessingLine - Saving screenshot to target\site\serenity\f8247ad26eb30602b6502ade3eaeed5cf159dcfeea704e128dc1a3f7a583eb8c.png
09:38:28.481 [Darkroom Processing Line] DEBUG net.serenitybdd.core.photography.DarkroomProcessingLine - Processing screenshot image in /var/screenshots/screenshot-6654478960982783528
09:38:28.481 [Darkroom Processing Line] DEBUG net.serenitybdd.core.photography.DarkroomProcessingLine - Saving screenshot to target\site\serenity\3cbbddaecf9ac99a50d7558c0b04f8aa9893569ffefa1b95b8af3f309a532b15.png
09:38:28.846 [Darkroom Processing Line] DEBUG net.serenitybdd.core.photography.DarkroomProcessingLine - Processing screenshot image in /var/screenshots/screenshot-10349374043914194384
09:38:28.846 [Darkroom Processing Line] DEBUG net.serenitybdd.core.photography.DarkroomProcessingLine - Saving screenshot to target\site\serenity\615248abe934bcc01ae6f94c6e5af238a9c0829113386f4dd61439096e914b81.png
09:38:56.289 [Darkroom Processing Line] DEBUG net.serenitybdd.core.photography.DarkroomProcessingLine - Processing screenshot image in /var/screenshots/screenshot-13641778785860771680
09:38:56.289 [Darkroom Processing Line] DEBUG net.serenitybdd.core.photography.DarkroomProcessingLine - Saving screenshot to target\site\serenity\cc6fe3b792f4b44a0ca93b7d9ea9e95f284246f490a21baec8b683e8cc109246.png
09:39:20.946 [Darkroom Processing Line] DEBUG net.serenitybdd.core.photography.DarkroomProcessingLine - Processing screenshot image in /var/screenshots/screenshot-13173540077170650776
09:39:20.946 [Darkroom Processing Line] DEBUG net.serenitybdd.core.photography.DarkroomProcessingLine - Saving screenshot to target\site\serenity\b6b42c64cc789889fe5ea17d297c23ba1aa73491d96847e7b3ad3d59d65c3740.png
09:39:34.917 [Darkroom Processing Line] DEBUG net.serenitybdd.core.photography.DarkroomProcessingLine - Processing screenshot image in /var/screenshots/screenshot-4161037551993501520
09:39:34.917 [Darkroom Processing Line] DEBUG net.serenitybdd.core.photography.DarkroomProcessingLine - Saving screenshot to target\site\serenity\82bf32557543d25910bad4eaeec301d430ce8c063c75eea4b25f86f65b8888f5.png
]]></system-out>
    <system-err><![CDATA[Starting ChromeDriver 103.0.5060.53 (a1711811edd74ff1cf2150f36ffa3b0dae40b17f-refs/branch-heads/5060@{#853}) on port 11640
Only local connections are allowed.
Please see https://chromedriver.chromium.org/security-considerations for suggestions on keeping ChromeDriver safe.
ChromeDriver was started successfully.
Jul 18, 2022 9:35:56 AM org.openqa.selenium.remote.ProtocolHandshake createSession
INFO: Detected dialect: W3C
Jul 18, 2022 9:36:19 AM org.openqa.selenium.os.OsProcess destroy
SEVERE: Unable to kill process Process[pid=15868, exitValue=1]
]]></system-err>
  </testcase>
  <testcase name="User membuka tulis jawaban" classname="User on landing page" time="13.315">
    <system-out><![CDATA[
@landing
Scenario: User membuka tulis jawaban                                                 &amp#27;[90m# src/test/resources/web/LandingPage.feature:9&amp#27;[0m
09:36:19.052 [pool-2-thread-1] INFO io.cucumber.core.plugin.SerenityReporter - Running feature from file:///D:/cicd/web/src/test/resources/web/LandingPage.feature
09:36:19.052 [pool-2-thread-1] WARN io.cucumber.core.plugin.SerenityReporter - Feature from file:///D:/cicd/web/src/test/resources/web/LandingPage.feature is not under the 'features' directory. Requirements report will not be correctly generated!
09:36:19.187 [pool-2-thread-1] INFO  - 
  _____   ___   ___   _____     ___   _____     _     ___   _____   ___   ___  
 |_   _| | __| / __| |_   _|   / __| |_   _|   /_\   | _ \ |_   _| | __| |   \ 
   | |   | _|  \__ \   | |     \__ \   | |    / _ \  |   /   | |   | _|  | |) |
   |_|   |___| |___/   |_|     |___/   |_|   /_/ \_\ |_|_\   |_|   |___| |___/ 

User membuka tulis jawaban(user-on-landing-page;user-membuka-tulis-jawaban)
--------------------------------------------------------------------------------
09:36:19.411 [pool-2-thread-1] DEBUG net.thucydides.core.steps.StepInterceptor - STARTING STEP: LandingPageSteps.onLandingPage - openPage
09:36:19.422 [pool-2-thread-1] INFO net.serenitybdd.core.webdriver.driverproviders.ChromeDriverProvider - Using automatically driver download
09:36:19.457 [pool-2-thread-1] DEBUG io.github.bonigarcia.wdm.cache.ResolutionCache - Resolution chrome=103 in cache (valid until 09:53:19 18/07/2022 ICT)
09:36:19.460 [pool-2-thread-1] DEBUG io.github.bonigarcia.wdm.cache.ResolutionCache - Resolution chrome103=103.0.5060.53 in cache (valid until 19:04:47 18/07/2022 ICT)
09:36:19.460 [pool-2-thread-1] INFO io.github.bonigarcia.wdm.WebDriverManager - Using chromedriver 103.0.5060.53 (resolved driver for Chrome 103)
09:36:19.511 [pool-2-thread-1] DEBUG io.github.bonigarcia.wdm.WebDriverManager - Driver chromedriver 103.0.5060.53 found in cache
09:36:19.513 [pool-2-thread-1] INFO io.github.bonigarcia.wdm.WebDriverManager - Exporting webdriver.chrome.driver as C:\Users\Siti Nurlatipah\.cache\selenium\chromedriver\win32\103.0.5060.53\chromedriver.exe
09:36:19.920 [pool-2-thread-1] INFO net.serenitybdd.core.webdriver.driverproviders.ProvideNewDriver - Instantiating driver
09:36:19.921 [pool-2-thread-1] INFO net.serenitybdd.core.webdriver.driverproviders.ProvideNewDriver - Driver capabilities: Capabilities {acceptInsecureCerts: false, base.url: https://diskusiaza.netlify.app, browserName: chrome, chrome.driver: src/test/resources/webdrive..., driver: chrome, goog:chromeOptions: {args: [], extensions: []}, loggingPrefs: org.openqa.selenium.logging...}
09:36:27.978 [pool-2-thread-1] DEBUG net.serenitybdd.core.photography.Darkroom - Send negative for processing for target\site\serenity\7556db4df44ebef8b767b3aa270c932b8cf2f9f4aff9dd178fa3083dd115384d.png
09:36:27.979 [pool-2-thread-1] DEBUG net.thucydides.core.steps.StepInterceptor - STEP DONE: openPage
09:36:29.498 [pool-2-thread-1] DEBUG net.serenitybdd.core.photography.Darkroom - Send negative for processing for target\site\serenity\97c1a1cc150de8410c719c882343f1be64f5e536257a8692467d73f1459b3dc9.png
09:36:29.499 [pool-2-thread-1] DEBUG net.thucydides.core.steps.StepInterceptor - STARTING STEP: LandingPageSteps.onLandingPage - onLandingpage
09:36:30.303 [pool-2-thread-1] DEBUG net.serenitybdd.core.photography.Darkroom - Send negative for processing for target\site\serenity\01de39f8380861f7e892df310886ac428efa4a0ad8f8ac0e4af8f4b7b3b1d7f4.png
09:36:30.303 [pool-2-thread-1] DEBUG net.thucydides.core.steps.StepInterceptor - STEP DONE: onLandingpage
  &amp#27;[32mGiven &amp#27;[0m&amp#27;[32muser login with email &amp#27;[0m&amp#27;[32m&amp#27;[1mii@gmail.com&amp#27;[0m&amp#27;[32m and password &amp#27;[0m&amp#27;[32m&amp#27;[1m123&amp#27;[0m&amp#27;[32m and user on landing page&amp#27;[0m &amp#27;[90m# StepDefinition.LandingPageSteps.onLandingPage(java.lang.String,java.lang.String)&amp#27;[0m
09:36:30.325 [pool-2-thread-1] DEBUG net.thucydides.core.steps.StepInterceptor - STARTING STEP: LandingPageSteps.tulisButton - clickTulisButton
09:36:30.850 [pool-2-thread-1] DEBUG net.serenitybdd.core.photography.Darkroom - Send negative for processing for target\site\serenity\a133035bb989803e0b9574cf154b59dd0d38a9cfb77b65b04be291c405971384.png
09:36:30.851 [pool-2-thread-1] DEBUG net.thucydides.core.steps.StepInterceptor - STEP DONE: clickTulisButton
  &amp#27;[32mWhen &amp#27;[0m&amp#27;[32muser klik 'tulis' button&amp#27;[0m                                                      &amp#27;[90m# StepDefinition.LandingPageSteps.tulisButton()&amp#27;[0m
09:36:30.872 [pool-2-thread-1] DEBUG net.thucydides.core.steps.StepInterceptor - STARTING STEP: LandingPageSteps.successKeHalTulis - validateOnTulisPage
09:36:30.876 [pool-2-thread-1] DEBUG net.thucydides.core.steps.StepInterceptor - STEP DONE: validateOnTulisPage
  &amp#27;[32mThen &amp#27;[0m&amp#27;[32muser sukses ke halaman tulis&amp#27;[0m                                                  &amp#27;[90m# StepDefinition.LandingPageSteps.successKeHalTulis()&amp#27;[0m
09:36:30.887 [pool-2-thread-1] INFO  - 
  _____   ___   ___   _____     ___     _     ___   ___   ___   ___  
 |_   _| | __| / __| |_   _|   | _ \   /_\   / __| / __| | __| |   \ 
   | |   | _|  \__ \   | |     |  _/  / _ \  \__ \ \__ \ | _|  | |) |
   |_|   |___| |___/   |_|     |_|   /_/ \_\ |___/ |___/ |___| |___/ 

User membuka tulis jawaban
----------------------------------------------------------------------
]]></system-out>
    <system-err><![CDATA[Starting ChromeDriver 103.0.5060.53 (a1711811edd74ff1cf2150f36ffa3b0dae40b17f-refs/branch-heads/5060@{#853}) on port 4409
Only local connections are allowed.
Please see https://chromedriver.chromium.org/security-considerations for suggestions on keeping ChromeDriver safe.
ChromeDriver was started successfully.
Jul 18, 2022 9:36:22 AM org.openqa.selenium.remote.ProtocolHandshake createSession
INFO: Detected dialect: W3C
]]></system-err>
  </testcase>
  <testcase name="user membuka notifikasi" classname="User on landing page" time="16.4">
    <system-out><![CDATA[
@landing
Scenario: user membuka notifikasi                                                    &amp#27;[90m# src/test/resources/web/LandingPage.feature:14&amp#27;[0m
09:36:32.481 [pool-2-thread-1] INFO io.cucumber.core.plugin.SerenityReporter - Running feature from file:///D:/cicd/web/src/test/resources/web/LandingPage.feature
09:36:32.481 [pool-2-thread-1] WARN io.cucumber.core.plugin.SerenityReporter - Feature from file:///D:/cicd/web/src/test/resources/web/LandingPage.feature is not under the 'features' directory. Requirements report will not be correctly generated!
09:36:32.491 [pool-2-thread-1] INFO  - 
  _____   ___   ___   _____     ___   _____     _     ___   _____   ___   ___  
 |_   _| | __| / __| |_   _|   / __| |_   _|   /_\   | _ \ |_   _| | __| |   \ 
   | |   | _|  \__ \   | |     \__ \   | |    / _ \  |   /   | |   | _|  | |) |
   |_|   |___| |___/   |_|     |___/   |_|   /_/ \_\ |_|_\   |_|   |___| |___/ 

user membuka notifikasi(user-on-landing-page;user-membuka-notifikasi)
--------------------------------------------------------------------------------
09:36:33.060 [pool-2-thread-1] DEBUG net.thucydides.core.steps.StepInterceptor - STARTING STEP: LandingPageSteps.onLandingPage - openPage
09:36:33.078 [pool-2-thread-1] INFO net.serenitybdd.core.webdriver.driverproviders.ChromeDriverProvider - Using automatically driver download
09:36:33.142 [pool-2-thread-1] DEBUG io.github.bonigarcia.wdm.cache.ResolutionCache - Resolution chrome=103 in cache (valid until 09:53:19 18/07/2022 ICT)
09:36:33.146 [pool-2-thread-1] DEBUG io.github.bonigarcia.wdm.cache.ResolutionCache - Resolution chrome103=103.0.5060.53 in cache (valid until 19:04:47 18/07/2022 ICT)
09:36:33.146 [pool-2-thread-1] INFO io.github.bonigarcia.wdm.WebDriverManager - Using chromedriver 103.0.5060.53 (resolved driver for Chrome 103)
09:36:33.240 [pool-2-thread-1] DEBUG io.github.bonigarcia.wdm.WebDriverManager - Driver chromedriver 103.0.5060.53 found in cache
09:36:33.257 [pool-2-thread-1] INFO io.github.bonigarcia.wdm.WebDriverManager - Exporting webdriver.chrome.driver as C:\Users\Siti Nurlatipah\.cache\selenium\chromedriver\win32\103.0.5060.53\chromedriver.exe
09:36:34.777 [pool-2-thread-1] INFO net.serenitybdd.core.webdriver.driverproviders.ProvideNewDriver - Instantiating driver
09:36:34.778 [pool-2-thread-1] INFO net.serenitybdd.core.webdriver.driverproviders.ProvideNewDriver - Driver capabilities: Capabilities {acceptInsecureCerts: false, base.url: https://diskusiaza.netlify.app, browserName: chrome, chrome.driver: src/test/resources/webdrive..., driver: chrome, goog:chromeOptions: {args: [], extensions: []}, loggingPrefs: org.openqa.selenium.logging...}
09:36:44.308 [pool-2-thread-1] DEBUG net.serenitybdd.core.photography.Darkroom - Send negative for processing for target\site\serenity\7556db4df44ebef8b767b3aa270c932b8cf2f9f4aff9dd178fa3083dd115384d.png
09:36:44.308 [pool-2-thread-1] DEBUG net.thucydides.core.steps.StepInterceptor - STEP DONE: openPage
09:36:45.602 [pool-2-thread-1] DEBUG net.serenitybdd.core.photography.Darkroom - Send negative for processing for target\site\serenity\c91153d5ef0ebc60389fadb93a228050654adddb14a6eb5b403c493cc653da78.png
09:36:45.603 [pool-2-thread-1] DEBUG net.thucydides.core.steps.StepInterceptor - STARTING STEP: LandingPageSteps.onLandingPage - onLandingpage
09:36:46.432 [pool-2-thread-1] DEBUG net.serenitybdd.core.photography.Darkroom - Send negative for processing for target\site\serenity\01de39f8380861f7e892df310886ac428efa4a0ad8f8ac0e4af8f4b7b3b1d7f4.png
09:36:46.432 [pool-2-thread-1] DEBUG net.thucydides.core.steps.StepInterceptor - STEP DONE: onLandingpage
  &amp#27;[32mGiven &amp#27;[0m&amp#27;[32muser login with email &amp#27;[0m&amp#27;[32m&amp#27;[1mii@gmail.com&amp#27;[0m&amp#27;[32m and password &amp#27;[0m&amp#27;[32m&amp#27;[1m123&amp#27;[0m&amp#27;[32m and user on landing page&amp#27;[0m &amp#27;[90m# StepDefinition.LandingPageSteps.onLandingPage(java.lang.String,java.lang.String)&amp#27;[0m
09:36:46.459 [pool-2-thread-1] DEBUG net.thucydides.core.steps.StepInterceptor - STARTING STEP: LandingPageSteps.klikSidebarNotifikasi - clickNotifikasiButton
09:36:47.056 [pool-2-thread-1] DEBUG net.serenitybdd.core.photography.Darkroom - Send negative for processing for target\site\serenity\796d8d5d605383db6e2b9bde01374895601856ade496678d8fe348ced63b6c3e.png
09:36:47.057 [pool-2-thread-1] DEBUG net.thucydides.core.steps.StepInterceptor - STEP DONE: clickNotifikasiButton
  &amp#27;[32mWhen &amp#27;[0m&amp#27;[32muser klik sidebar notifikasi&amp#27;[0m                                                  &amp#27;[90m# StepDefinition.LandingPageSteps.klikSidebarNotifikasi()&amp#27;[0m
09:36:47.081 [pool-2-thread-1] DEBUG net.thucydides.core.steps.StepInterceptor - STARTING STEP: LandingPageSteps.successKeHalamanNotifikasi - validateOnNotifikasiPage
09:36:47.551 [pool-2-thread-1] DEBUG net.serenitybdd.core.photography.Darkroom - Send negative for processing for target\site\serenity\0f3a83318eec17f2f6a650a3f7f385ffaa400eea3924c2270ed587c06e449245.png
09:36:47.551 [pool-2-thread-1] DEBUG net.thucydides.core.steps.StepInterceptor - STEP DONE: validateOnNotifikasiPage
  &amp#27;[32mThen &amp#27;[0m&amp#27;[32muser sukses ke halaman notifikasi&amp#27;[0m                                             &amp#27;[90m# StepDefinition.LandingPageSteps.successKeHalamanNotifikasi()&amp#27;[0m
09:36:47.574 [pool-2-thread-1] INFO  - 
  _____   ___   ___   _____     ___     _     ___   ___   ___   ___  
 |_   _| | __| / __| |_   _|   | _ \   /_\   / __| / __| | __| |   \ 
   | |   | _|  \__ \   | |     |  _/  / _ \  \__ \ \__ \ | _|  | |) |
   |_|   |___| |___/   |_|     |_|   /_/ \_\ |___/ |___/ |___| |___/ 

user membuka notifikasi
----------------------------------------------------------------------
]]></system-out>
    <system-err><![CDATA[Starting ChromeDriver 103.0.5060.53 (a1711811edd74ff1cf2150f36ffa3b0dae40b17f-refs/branch-heads/5060@{#853}) on port 15365
Only local connections are allowed.
Please see https://chromedriver.chromium.org/security-considerations for suggestions on keeping ChromeDriver safe.
ChromeDriver was started successfully.
Jul 18, 2022 9:36:36 AM org.openqa.selenium.remote.ProtocolHandshake createSession
INFO: Detected dialect: W3C
]]></system-err>
  </testcase>
  <testcase name="User membuka search field" classname="User on landing page" time="15.952">
    <system-out><![CDATA[
@landing
Scenario: User membuka search field                                                  &amp#27;[90m# src/test/resources/web/LandingPage.feature:19&amp#27;[0m
09:36:48.769 [pool-2-thread-1] INFO io.cucumber.core.plugin.SerenityReporter - Running feature from file:///D:/cicd/web/src/test/resources/web/LandingPage.feature
09:36:48.770 [pool-2-thread-1] WARN io.cucumber.core.plugin.SerenityReporter - Feature from file:///D:/cicd/web/src/test/resources/web/LandingPage.feature is not under the 'features' directory. Requirements report will not be correctly generated!
09:36:48.777 [pool-2-thread-1] INFO  - 
  _____   ___   ___   _____     ___   _____     _     ___   _____   ___   ___  
 |_   _| | __| / __| |_   _|   / __| |_   _|   /_\   | _ \ |_   _| | __| |   \ 
   | |   | _|  \__ \   | |     \__ \   | |    / _ \  |   /   | |   | _|  | |) |
   |_|   |___| |___/   |_|     |___/   |_|   /_/ \_\ |_|_\   |_|   |___| |___/ 

User membuka search field(user-on-landing-page;user-membuka-search-field)
--------------------------------------------------------------------------------
09:36:49.378 [pool-2-thread-1] DEBUG net.thucydides.core.steps.StepInterceptor - STARTING STEP: LandingPageSteps.onLandingPage - openPage
09:36:49.379 [pool-2-thread-1] INFO net.serenitybdd.core.webdriver.driverproviders.ChromeDriverProvider - Using automatically driver download
09:36:49.457 [pool-2-thread-1] DEBUG io.github.bonigarcia.wdm.cache.ResolutionCache - Resolution chrome=103 in cache (valid until 09:53:19 18/07/2022 ICT)
09:36:49.460 [pool-2-thread-1] DEBUG io.github.bonigarcia.wdm.cache.ResolutionCache - Resolution chrome103=103.0.5060.53 in cache (valid until 19:04:47 18/07/2022 ICT)
09:36:49.460 [pool-2-thread-1] INFO io.github.bonigarcia.wdm.WebDriverManager - Using chromedriver 103.0.5060.53 (resolved driver for Chrome 103)
09:36:49.767 [pool-2-thread-1] DEBUG io.github.bonigarcia.wdm.WebDriverManager - Driver chromedriver 103.0.5060.53 found in cache
09:36:49.768 [pool-2-thread-1] INFO io.github.bonigarcia.wdm.WebDriverManager - Exporting webdriver.chrome.driver as C:\Users\Siti Nurlatipah\.cache\selenium\chromedriver\win32\103.0.5060.53\chromedriver.exe
09:36:50.858 [pool-2-thread-1] INFO net.serenitybdd.core.webdriver.driverproviders.ProvideNewDriver - Instantiating driver
09:36:50.858 [pool-2-thread-1] INFO net.serenitybdd.core.webdriver.driverproviders.ProvideNewDriver - Driver capabilities: Capabilities {acceptInsecureCerts: false, base.url: https://diskusiaza.netlify.app, browserName: chrome, chrome.driver: src/test/resources/webdrive..., driver: chrome, goog:chromeOptions: {args: [], extensions: []}, loggingPrefs: org.openqa.selenium.logging...}
09:37:00.949 [pool-2-thread-1] DEBUG net.serenitybdd.core.photography.Darkroom - Send negative for processing for target\site\serenity\7556db4df44ebef8b767b3aa270c932b8cf2f9f4aff9dd178fa3083dd115384d.png
09:37:00.949 [pool-2-thread-1] DEBUG net.thucydides.core.steps.StepInterceptor - STEP DONE: openPage
09:37:02.281 [pool-2-thread-1] DEBUG net.serenitybdd.core.photography.Darkroom - Send negative for processing for target\site\serenity\b4350af95aa5326130e52032481a8bb13641f176ecedb9491d572ce34635749b.png
09:37:02.283 [pool-2-thread-1] DEBUG net.thucydides.core.steps.StepInterceptor - STARTING STEP: LandingPageSteps.onLandingPage - onLandingpage
09:37:03.171 [pool-2-thread-1] DEBUG net.serenitybdd.core.photography.Darkroom - Send negative for processing for target\site\serenity\01de39f8380861f7e892df310886ac428efa4a0ad8f8ac0e4af8f4b7b3b1d7f4.png
09:37:03.172 [pool-2-thread-1] DEBUG net.thucydides.core.steps.StepInterceptor - STEP DONE: onLandingpage
  &amp#27;[32mGiven &amp#27;[0m&amp#27;[32muser login with email &amp#27;[0m&amp#27;[32m&amp#27;[1mii@gmail.com&amp#27;[0m&amp#27;[32m and password &amp#27;[0m&amp#27;[32m&amp#27;[1m123&amp#27;[0m&amp#27;[32m and user on landing page&amp#27;[0m &amp#27;[90m# StepDefinition.LandingPageSteps.onLandingPage(java.lang.String,java.lang.String)&amp#27;[0m
09:37:03.198 [pool-2-thread-1] DEBUG net.thucydides.core.steps.StepInterceptor - STARTING STEP: LandingPageSteps.klikSearchField - clickSearchButton
09:37:03.593 [pool-2-thread-1] DEBUG net.serenitybdd.core.photography.Darkroom - Send negative for processing for target\site\serenity\b834b3c7577134006c218859b4617be7f1198a587955316bb0a2077c75a21f56.png
09:37:03.593 [pool-2-thread-1] DEBUG net.thucydides.core.steps.StepInterceptor - STEP DONE: clickSearchButton
  &amp#27;[32mWhen &amp#27;[0m&amp#27;[32muser klik search field&amp#27;[0m                                                        &amp#27;[90m# StepDefinition.LandingPageSteps.klikSearchField()&amp#27;[0m
  &amp#27;[32mThen &amp#27;[0m&amp#27;[32muser on search page&amp#27;[0m                                                           &amp#27;[90m# StepDefinition.LandingPageSteps.onSearchPage()&amp#27;[0m
09:37:03.611 [pool-2-thread-1] INFO  - 
  _____   ___   ___   _____     ___     _     ___   ___   ___   ___  
 |_   _| | __| / __| |_   _|   | _ \   /_\   / __| / __| | __| |   \ 
   | |   | _|  \__ \   | |     |  _/  / _ \  \__ \ \__ \ | _|  | |) |
   |_|   |___| |___/   |_|     |_|   /_/ \_\ |___/ |___/ |___| |___/ 

User membuka search field
----------------------------------------------------------------------
]]></system-out>
    <system-err><![CDATA[Starting ChromeDriver 103.0.5060.53 (a1711811edd74ff1cf2150f36ffa3b0dae40b17f-refs/branch-heads/5060@{#853}) on port 35495
Only local connections are allowed.
Please see https://chromedriver.chromium.org/security-considerations for suggestions on keeping ChromeDriver safe.
ChromeDriver was started successfully.
Jul 18, 2022 9:36:53 AM org.openqa.selenium.remote.ProtocolHandshake createSession
INFO: Detected dialect: W3C
]]></system-err>
  </testcase>
  <testcase name="User membuka Explore" classname="User on landing page" time="11.965">
    <system-out><![CDATA[
@landing
Scenario: User membuka Explore                                                       &amp#27;[90m# src/test/resources/web/LandingPage.feature:24&amp#27;[0m
09:37:04.714 [pool-2-thread-1] INFO io.cucumber.core.plugin.SerenityReporter - Running feature from file:///D:/cicd/web/src/test/resources/web/LandingPage.feature
09:37:04.715 [pool-2-thread-1] WARN io.cucumber.core.plugin.SerenityReporter - Feature from file:///D:/cicd/web/src/test/resources/web/LandingPage.feature is not under the 'features' directory. Requirements report will not be correctly generated!
09:37:04.722 [pool-2-thread-1] INFO  - 
  _____   ___   ___   _____     ___   _____     _     ___   _____   ___   ___  
 |_   _| | __| / __| |_   _|   / __| |_   _|   /_\   | _ \ |_   _| | __| |   \ 
   | |   | _|  \__ \   | |     \__ \   | |    / _ \  |   /   | |   | _|  | |) |
   |_|   |___| |___/   |_|     |___/   |_|   /_/ \_\ |_|_\   |_|   |___| |___/ 

User membuka Explore(user-on-landing-page;user-membuka-explore)
--------------------------------------------------------------------------------
09:37:04.888 [pool-2-thread-1] DEBUG net.thucydides.core.steps.StepInterceptor - STARTING STEP: LandingPageSteps.onLandingPage - openPage
09:37:04.891 [pool-2-thread-1] INFO net.serenitybdd.core.webdriver.driverproviders.ChromeDriverProvider - Using automatically driver download
09:37:05.044 [pool-2-thread-1] DEBUG io.github.bonigarcia.wdm.cache.ResolutionCache - Resolution chrome=103 in cache (valid until 09:53:19 18/07/2022 ICT)
09:37:05.048 [pool-2-thread-1] DEBUG io.github.bonigarcia.wdm.cache.ResolutionCache - Resolution chrome103=103.0.5060.53 in cache (valid until 19:04:47 18/07/2022 ICT)
09:37:05.048 [pool-2-thread-1] INFO io.github.bonigarcia.wdm.WebDriverManager - Using chromedriver 103.0.5060.53 (resolved driver for Chrome 103)
09:37:05.064 [pool-2-thread-1] DEBUG io.github.bonigarcia.wdm.WebDriverManager - Driver chromedriver 103.0.5060.53 found in cache
09:37:05.065 [pool-2-thread-1] INFO io.github.bonigarcia.wdm.WebDriverManager - Exporting webdriver.chrome.driver as C:\Users\Siti Nurlatipah\.cache\selenium\chromedriver\win32\103.0.5060.53\chromedriver.exe
09:37:05.929 [pool-2-thread-1] INFO net.serenitybdd.core.webdriver.driverproviders.ProvideNewDriver - Instantiating driver
09:37:05.929 [pool-2-thread-1] INFO net.serenitybdd.core.webdriver.driverproviders.ProvideNewDriver - Driver capabilities: Capabilities {acceptInsecureCerts: false, base.url: https://diskusiaza.netlify.app, browserName: chrome, chrome.driver: src/test/resources/webdrive..., driver: chrome, goog:chromeOptions: {args: [], extensions: []}, loggingPrefs: org.openqa.selenium.logging...}
09:37:13.224 [pool-2-thread-1] DEBUG net.serenitybdd.core.photography.Darkroom - Send negative for processing for target\site\serenity\7556db4df44ebef8b767b3aa270c932b8cf2f9f4aff9dd178fa3083dd115384d.png
09:37:13.225 [pool-2-thread-1] DEBUG net.thucydides.core.steps.StepInterceptor - STEP DONE: openPage
09:37:14.491 [pool-2-thread-1] DEBUG net.serenitybdd.core.photography.Darkroom - Send negative for processing for target\site\serenity\c91153d5ef0ebc60389fadb93a228050654adddb14a6eb5b403c493cc653da78.png
09:37:14.492 [pool-2-thread-1] DEBUG net.thucydides.core.steps.StepInterceptor - STARTING STEP: LandingPageSteps.onLandingPage - onLandingpage
09:37:15.322 [pool-2-thread-1] DEBUG net.serenitybdd.core.photography.Darkroom - Send negative for processing for target\site\serenity\01de39f8380861f7e892df310886ac428efa4a0ad8f8ac0e4af8f4b7b3b1d7f4.png
09:37:15.323 [pool-2-thread-1] DEBUG net.thucydides.core.steps.StepInterceptor - STEP DONE: onLandingpage
  &amp#27;[32mGiven &amp#27;[0m&amp#27;[32muser login with email &amp#27;[0m&amp#27;[32m&amp#27;[1mii@gmail.com&amp#27;[0m&amp#27;[32m and password &amp#27;[0m&amp#27;[32m&amp#27;[1m123&amp#27;[0m&amp#27;[32m and user on landing page&amp#27;[0m &amp#27;[90m# StepDefinition.LandingPageSteps.onLandingPage(java.lang.String,java.lang.String)&amp#27;[0m
  &amp#27;[32mWhen &amp#27;[0m&amp#27;[32muser klik sidebar explore&amp#27;[0m                                                     &amp#27;[90m# StepDefinition.LandingPageSteps.klikSidebarexplore()&amp#27;[0m
  &amp#27;[32mThen &amp#27;[0m&amp#27;[32muser on explore page&amp#27;[0m                                                          &amp#27;[90m# StepDefinition.LandingPageSteps.onExplorePage()&amp#27;[0m
09:37:15.612 [pool-2-thread-1] DEBUG net.serenitybdd.core.photography.Darkroom - Send negative for processing for target\site\serenity\ad5dc16d5ab46b294c775eb7a92d3836575c5655bdb9a0c51c8dfe54578c1f07.png
09:37:15.615 [pool-2-thread-1] INFO  - 
  _____   ___   ___   _____     ___     _     ___   ___   ___   ___  
 |_   _| | __| / __| |_   _|   | _ \   /_\   / __| / __| | __| |   \ 
   | |   | _|  \__ \   | |     |  _/  / _ \  \__ \ \__ \ | _|  | |) |
   |_|   |___| |___/   |_|     |_|   /_/ \_\ |___/ |___/ |___| |___/ 

User membuka Explore
----------------------------------------------------------------------
]]></system-out>
    <system-err><![CDATA[Starting ChromeDriver 103.0.5060.53 (a1711811edd74ff1cf2150f36ffa3b0dae40b17f-refs/branch-heads/5060@{#853}) on port 35735
Only local connections are allowed.
Please see https://chromedriver.chromium.org/security-considerations for suggestions on keeping ChromeDriver safe.
ChromeDriver was started successfully.
Jul 18, 2022 9:37:08 AM org.openqa.selenium.remote.ProtocolHandshake createSession
INFO: Detected dialect: W3C
]]></system-err>
  </testcase>
  <testcase name="User membuka Trending" classname="User on landing page" time="21.541">
    <system-out><![CDATA[
@landing
Scenario: User membuka Trending                                                      &amp#27;[90m# src/test/resources/web/LandingPage.feature:29&amp#27;[0m
09:37:16.672 [pool-2-thread-1] INFO io.cucumber.core.plugin.SerenityReporter - Running feature from file:///D:/cicd/web/src/test/resources/web/LandingPage.feature
09:37:16.672 [pool-2-thread-1] WARN io.cucumber.core.plugin.SerenityReporter - Feature from file:///D:/cicd/web/src/test/resources/web/LandingPage.feature is not under the 'features' directory. Requirements report will not be correctly generated!
09:37:16.677 [pool-2-thread-1] INFO  - 
  _____   ___   ___   _____     ___   _____     _     ___   _____   ___   ___  
 |_   _| | __| / __| |_   _|   / __| |_   _|   /_\   | _ \ |_   _| | __| |   \ 
   | |   | _|  \__ \   | |     \__ \   | |    / _ \  |   /   | |   | _|  | |) |
   |_|   |___| |___/   |_|     |___/   |_|   /_/ \_\ |_|_\   |_|   |___| |___/ 

User membuka Trending(user-on-landing-page;user-membuka-trending)
--------------------------------------------------------------------------------
09:37:16.719 [pool-2-thread-1] DEBUG net.thucydides.core.steps.StepInterceptor - STARTING STEP: LandingPageSteps.onLandingPage - openPage
09:37:16.723 [pool-2-thread-1] INFO net.serenitybdd.core.webdriver.driverproviders.ChromeDriverProvider - Using automatically driver download
09:37:16.741 [pool-2-thread-1] DEBUG io.github.bonigarcia.wdm.cache.ResolutionCache - Resolution chrome=103 in cache (valid until 09:53:19 18/07/2022 ICT)
09:37:16.742 [pool-2-thread-1] DEBUG io.github.bonigarcia.wdm.cache.ResolutionCache - Resolution chrome103=103.0.5060.53 in cache (valid until 19:04:47 18/07/2022 ICT)
09:37:16.742 [pool-2-thread-1] INFO io.github.bonigarcia.wdm.WebDriverManager - Using chromedriver 103.0.5060.53 (resolved driver for Chrome 103)
09:37:16.754 [pool-2-thread-1] DEBUG io.github.bonigarcia.wdm.WebDriverManager - Driver chromedriver 103.0.5060.53 found in cache
09:37:16.755 [pool-2-thread-1] INFO io.github.bonigarcia.wdm.WebDriverManager - Exporting webdriver.chrome.driver as C:\Users\Siti Nurlatipah\.cache\selenium\chromedriver\win32\103.0.5060.53\chromedriver.exe
09:37:17.042 [pool-2-thread-1] INFO net.serenitybdd.core.webdriver.driverproviders.ProvideNewDriver - Instantiating driver
09:37:17.042 [pool-2-thread-1] INFO net.serenitybdd.core.webdriver.driverproviders.ProvideNewDriver - Driver capabilities: Capabilities {acceptInsecureCerts: false, base.url: https://diskusiaza.netlify.app, browserName: chrome, chrome.driver: src/test/resources/webdrive..., driver: chrome, goog:chromeOptions: {args: [], extensions: []}, loggingPrefs: org.openqa.selenium.logging...}
09:37:34.073 [pool-2-thread-1] DEBUG net.serenitybdd.core.photography.Darkroom - Send negative for processing for target\site\serenity\7556db4df44ebef8b767b3aa270c932b8cf2f9f4aff9dd178fa3083dd115384d.png
09:37:34.074 [pool-2-thread-1] DEBUG net.thucydides.core.steps.StepInterceptor - STEP DONE: openPage
09:37:35.398 [pool-2-thread-1] DEBUG net.serenitybdd.core.photography.Darkroom - Send negative for processing for target\site\serenity\97c1a1cc150de8410c719c882343f1be64f5e536257a8692467d73f1459b3dc9.png
09:37:35.399 [pool-2-thread-1] DEBUG net.thucydides.core.steps.StepInterceptor - STARTING STEP: LandingPageSteps.onLandingPage - onLandingpage
09:37:36.381 [pool-2-thread-1] DEBUG net.serenitybdd.core.photography.Darkroom - Send negative for processing for target\site\serenity\01de39f8380861f7e892df310886ac428efa4a0ad8f8ac0e4af8f4b7b3b1d7f4.png
09:37:36.382 [pool-2-thread-1] DEBUG net.thucydides.core.steps.StepInterceptor - STEP DONE: onLandingpage
  &amp#27;[32mGiven &amp#27;[0m&amp#27;[32muser login with email &amp#27;[0m&amp#27;[32m&amp#27;[1mii@gmail.com&amp#27;[0m&amp#27;[32m and password &amp#27;[0m&amp#27;[32m&amp#27;[1m123&amp#27;[0m&amp#27;[32m and user on landing page&amp#27;[0m &amp#27;[90m# StepDefinition.LandingPageSteps.onLandingPage(java.lang.String,java.lang.String)&amp#27;[0m
09:37:36.403 [pool-2-thread-1] DEBUG net.thucydides.core.steps.StepInterceptor - STARTING STEP: LandingPageSteps.klikSidebarTrending - clickTrendingButton
09:37:37.034 [pool-2-thread-1] DEBUG net.serenitybdd.core.photography.Darkroom - Send negative for processing for target\site\serenity\d1fb490485bd8f5824b7f2c1dd019d8c853c346d1f8ad06b5db28f295c76b83a.png
09:37:37.034 [pool-2-thread-1] DEBUG net.thucydides.core.steps.StepInterceptor - STEP DONE: clickTrendingButton
  &amp#27;[32mWhen &amp#27;[0m&amp#27;[32muser klik sidebar trending&amp#27;[0m                                                    &amp#27;[90m# StepDefinition.LandingPageSteps.klikSidebarTrending()&amp#27;[0m
09:37:37.056 [pool-2-thread-1] DEBUG net.thucydides.core.steps.StepInterceptor - STARTING STEP: LandingPageSteps.onTrendingPage - validateOnTrendingPage
09:37:37.059 [pool-2-thread-1] DEBUG net.thucydides.core.steps.StepInterceptor - STEP DONE: validateOnTrendingPage
  &amp#27;[32mThen &amp#27;[0m&amp#27;[32muser on trending page&amp#27;[0m                                                         &amp#27;[90m# StepDefinition.LandingPageSteps.onTrendingPage()&amp#27;[0m
09:37:37.069 [pool-2-thread-1] INFO  - 
  _____   ___   ___   _____     ___     _     ___   ___   ___   ___  
 |_   _| | __| / __| |_   _|   | _ \   /_\   / __| / __| | __| |   \ 
   | |   | _|  \__ \   | |     |  _/  / _ \  \__ \ \__ \ | _|  | |) |
   |_|   |___| |___/   |_|     |_|   /_/ \_\ |___/ |___/ |___| |___/ 

User membuka Trending
----------------------------------------------------------------------
]]></system-out>
    <system-err><![CDATA[Starting ChromeDriver 103.0.5060.53 (a1711811edd74ff1cf2150f36ffa3b0dae40b17f-refs/branch-heads/5060@{#853}) on port 20770
Only local connections are allowed.
Please see https://chromedriver.chromium.org/security-considerations for suggestions on keeping ChromeDriver safe.
ChromeDriver was started successfully.
Jul 18, 2022 9:37:19 AM org.openqa.selenium.remote.ProtocolHandshake createSession
INFO: Detected dialect: W3C
]]></system-err>
  </testcase>
  <testcase name="User membuka message" classname="User on landing page" time="20.099">
    <system-out><![CDATA[
@landing
Scenario: User membuka message                                                       &amp#27;[90m# src/test/resources/web/LandingPage.feature:34&amp#27;[0m
09:37:38.213 [pool-2-thread-1] INFO io.cucumber.core.plugin.SerenityReporter - Running feature from file:///D:/cicd/web/src/test/resources/web/LandingPage.feature
09:37:38.213 [pool-2-thread-1] WARN io.cucumber.core.plugin.SerenityReporter - Feature from file:///D:/cicd/web/src/test/resources/web/LandingPage.feature is not under the 'features' directory. Requirements report will not be correctly generated!
09:37:38.220 [pool-2-thread-1] INFO  - 
  _____   ___   ___   _____     ___   _____     _     ___   _____   ___   ___  
 |_   _| | __| / __| |_   _|   / __| |_   _|   /_\   | _ \ |_   _| | __| |   \ 
   | |   | _|  \__ \   | |     \__ \   | |    / _ \  |   /   | |   | _|  | |) |
   |_|   |___| |___/   |_|     |___/   |_|   /_/ \_\ |_|_\   |_|   |___| |___/ 

User membuka message(user-on-landing-page;user-membuka-message)
--------------------------------------------------------------------------------
09:37:38.776 [pool-2-thread-1] DEBUG net.thucydides.core.steps.StepInterceptor - STARTING STEP: LandingPageSteps.onLandingPage - openPage
09:37:38.789 [pool-2-thread-1] INFO net.serenitybdd.core.webdriver.driverproviders.ChromeDriverProvider - Using automatically driver download
09:37:38.938 [pool-2-thread-1] DEBUG io.github.bonigarcia.wdm.cache.ResolutionCache - Resolution chrome=103 in cache (valid until 09:53:19 18/07/2022 ICT)
09:37:39.040 [pool-2-thread-1] DEBUG io.github.bonigarcia.wdm.cache.ResolutionCache - Resolution chrome103=103.0.5060.53 in cache (valid until 19:04:47 18/07/2022 ICT)
09:37:39.041 [pool-2-thread-1] INFO io.github.bonigarcia.wdm.WebDriverManager - Using chromedriver 103.0.5060.53 (resolved driver for Chrome 103)
09:37:39.052 [pool-2-thread-1] DEBUG io.github.bonigarcia.wdm.WebDriverManager - Driver chromedriver 103.0.5060.53 found in cache
09:37:39.054 [pool-2-thread-1] INFO io.github.bonigarcia.wdm.WebDriverManager - Exporting webdriver.chrome.driver as C:\Users\Siti Nurlatipah\.cache\selenium\chromedriver\win32\103.0.5060.53\chromedriver.exe
09:37:39.989 [pool-2-thread-1] INFO net.serenitybdd.core.webdriver.driverproviders.ProvideNewDriver - Instantiating driver
09:37:39.989 [pool-2-thread-1] INFO net.serenitybdd.core.webdriver.driverproviders.ProvideNewDriver - Driver capabilities: Capabilities {acceptInsecureCerts: false, base.url: https://diskusiaza.netlify.app, browserName: chrome, chrome.driver: src/test/resources/webdrive..., driver: chrome, goog:chromeOptions: {args: [], extensions: []}, loggingPrefs: org.openqa.selenium.logging...}
09:37:54.312 [pool-2-thread-1] DEBUG net.serenitybdd.core.photography.Darkroom - Send negative for processing for target\site\serenity\07909c7d378f905822949adf6d98bae371795aa81880f9fa0ce62ff1a38c5082.png
09:37:54.313 [pool-2-thread-1] DEBUG net.thucydides.core.steps.StepInterceptor - STEP DONE: openPage
09:37:55.527 [pool-2-thread-1] DEBUG net.serenitybdd.core.photography.Darkroom - Send negative for processing for target\site\serenity\f92249701c960d2aa6e637a1935094b72f08cb23c642a6970b304294a74f3372.png
09:37:55.527 [pool-2-thread-1] DEBUG net.thucydides.core.steps.StepInterceptor - STARTING STEP: LandingPageSteps.onLandingPage - onLandingpage
09:37:56.561 [pool-2-thread-1] DEBUG net.serenitybdd.core.photography.Darkroom - Send negative for processing for target\site\serenity\3ee48c35466c490812d6f9997bec32c7d0ce02acbae2b052fb42e7ef37ee6667.png
09:37:56.561 [pool-2-thread-1] DEBUG net.thucydides.core.steps.StepInterceptor - STEP DONE: onLandingpage
  &amp#27;[32mGiven &amp#27;[0m&amp#27;[32muser login with email &amp#27;[0m&amp#27;[32m&amp#27;[1mii@gmail.com&amp#27;[0m&amp#27;[32m and password &amp#27;[0m&amp#27;[32m&amp#27;[1m123&amp#27;[0m&amp#27;[32m and user on landing page&amp#27;[0m &amp#27;[90m# StepDefinition.LandingPageSteps.onLandingPage(java.lang.String,java.lang.String)&amp#27;[0m
09:37:56.583 [pool-2-thread-1] DEBUG net.thucydides.core.steps.StepInterceptor - STARTING STEP: LandingPageSteps.klikSidebarMassage - clickMassageButton
09:37:57.222 [pool-2-thread-1] DEBUG net.serenitybdd.core.photography.Darkroom - Send negative for processing for target\site\serenity\26337059f68461ab58feacb6f7b4695e60dd051ea4c94b4f474cd2274f8afb00.png
09:37:57.223 [pool-2-thread-1] DEBUG net.thucydides.core.steps.StepInterceptor - STEP DONE: clickMassageButton
  &amp#27;[32mWhen &amp#27;[0m&amp#27;[32muser klik sidebar massage&amp#27;[0m                                                     &amp#27;[90m# StepDefinition.LandingPageSteps.klikSidebarMassage()&amp#27;[0m
09:37:57.248 [pool-2-thread-1] DEBUG net.thucydides.core.steps.StepInterceptor - STARTING STEP: LandingPageSteps.onMassagePage - validateOnMassagePage
09:37:57.251 [pool-2-thread-1] DEBUG net.thucydides.core.steps.StepInterceptor - STEP DONE: validateOnMassagePage
  &amp#27;[32mThen &amp#27;[0m&amp#27;[32muser on massage page&amp#27;[0m                                                          &amp#27;[90m# StepDefinition.LandingPageSteps.onMassagePage()&amp#27;[0m
09:37:57.263 [pool-2-thread-1] INFO  - 
  _____   ___   ___   _____     ___     _     ___   ___   ___   ___  
 |_   _| | __| / __| |_   _|   | _ \   /_\   / __| / __| | __| |   \ 
   | |   | _|  \__ \   | |     |  _/  / _ \  \__ \ \__ \ | _|  | |) |
   |_|   |___| |___/   |_|     |_|   /_/ \_\ |___/ |___/ |___| |___/ 

User membuka message
----------------------------------------------------------------------
]]></system-out>
    <system-err><![CDATA[Starting ChromeDriver 103.0.5060.53 (a1711811edd74ff1cf2150f36ffa3b0dae40b17f-refs/branch-heads/5060@{#853}) on port 38610
Only local connections are allowed.
Please see https://chromedriver.chromium.org/security-considerations for suggestions on keeping ChromeDriver safe.
ChromeDriver was started successfully.
Jul 18, 2022 9:37:42 AM org.openqa.selenium.remote.ProtocolHandshake createSession
INFO: Detected dialect: W3C
]]></system-err>
  </testcase>
  <testcase name="User membuka Bookmarks" classname="User on landing page" time="13.668">
    <system-out><![CDATA[
@landing
Scenario: User membuka Bookmarks                                                     &amp#27;[90m# src/test/resources/web/LandingPage.feature:39&amp#27;[0m
09:37:58.332 [pool-2-thread-1] INFO io.cucumber.core.plugin.SerenityReporter - Running feature from file:///D:/cicd/web/src/test/resources/web/LandingPage.feature
09:37:58.332 [pool-2-thread-1] WARN io.cucumber.core.plugin.SerenityReporter - Feature from file:///D:/cicd/web/src/test/resources/web/LandingPage.feature is not under the 'features' directory. Requirements report will not be correctly generated!
09:37:58.347 [pool-2-thread-1] INFO  - 
  _____   ___   ___   _____     ___   _____     _     ___   _____   ___   ___  
 |_   _| | __| / __| |_   _|   / __| |_   _|   /_\   | _ \ |_   _| | __| |   \ 
   | |   | _|  \__ \   | |     \__ \   | |    / _ \  |   /   | |   | _|  | |) |
   |_|   |___| |___/   |_|     |___/   |_|   /_/ \_\ |_|_\   |_|   |___| |___/ 

User membuka Bookmarks(user-on-landing-page;user-membuka-bookmarks)
--------------------------------------------------------------------------------
09:37:58.414 [pool-2-thread-1] DEBUG net.thucydides.core.steps.StepInterceptor - STARTING STEP: LandingPageSteps.onLandingPage - openPage
09:37:58.416 [pool-2-thread-1] INFO net.serenitybdd.core.webdriver.driverproviders.ChromeDriverProvider - Using automatically driver download
09:37:58.463 [pool-2-thread-1] DEBUG io.github.bonigarcia.wdm.cache.ResolutionCache - Resolution chrome=103 in cache (valid until 09:53:19 18/07/2022 ICT)
09:37:58.466 [pool-2-thread-1] DEBUG io.github.bonigarcia.wdm.cache.ResolutionCache - Resolution chrome103=103.0.5060.53 in cache (valid until 19:04:47 18/07/2022 ICT)
09:37:58.466 [pool-2-thread-1] INFO io.github.bonigarcia.wdm.WebDriverManager - Using chromedriver 103.0.5060.53 (resolved driver for Chrome 103)
09:37:58.477 [pool-2-thread-1] DEBUG io.github.bonigarcia.wdm.WebDriverManager - Driver chromedriver 103.0.5060.53 found in cache
09:37:58.479 [pool-2-thread-1] INFO io.github.bonigarcia.wdm.WebDriverManager - Exporting webdriver.chrome.driver as C:\Users\Siti Nurlatipah\.cache\selenium\chromedriver\win32\103.0.5060.53\chromedriver.exe
09:37:59.578 [pool-2-thread-1] INFO net.serenitybdd.core.webdriver.driverproviders.ProvideNewDriver - Instantiating driver
09:37:59.578 [pool-2-thread-1] INFO net.serenitybdd.core.webdriver.driverproviders.ProvideNewDriver - Driver capabilities: Capabilities {acceptInsecureCerts: false, base.url: https://diskusiaza.netlify.app, browserName: chrome, chrome.driver: src/test/resources/webdrive..., driver: chrome, goog:chromeOptions: {args: [], extensions: []}, loggingPrefs: org.openqa.selenium.logging...}
09:38:07.656 [pool-2-thread-1] DEBUG net.serenitybdd.core.photography.Darkroom - Send negative for processing for target\site\serenity\7556db4df44ebef8b767b3aa270c932b8cf2f9f4aff9dd178fa3083dd115384d.png
09:38:07.657 [pool-2-thread-1] DEBUG net.thucydides.core.steps.StepInterceptor - STEP DONE: openPage
09:38:09.044 [pool-2-thread-1] DEBUG net.serenitybdd.core.photography.Darkroom - Send negative for processing for target\site\serenity\4e11cc11200912983a075d30573cc28ccfb9b7a75e7057bb9be788c9ba8f9382.png
09:38:09.045 [pool-2-thread-1] DEBUG net.thucydides.core.steps.StepInterceptor - STARTING STEP: LandingPageSteps.onLandingPage - onLandingpage
09:38:09.781 [pool-2-thread-1] DEBUG net.serenitybdd.core.photography.Darkroom - Send negative for processing for target\site\serenity\01de39f8380861f7e892df310886ac428efa4a0ad8f8ac0e4af8f4b7b3b1d7f4.png
09:38:09.781 [pool-2-thread-1] DEBUG net.thucydides.core.steps.StepInterceptor - STEP DONE: onLandingpage
  &amp#27;[32mGiven &amp#27;[0m&amp#27;[32muser login with email &amp#27;[0m&amp#27;[32m&amp#27;[1mii@gmail.com&amp#27;[0m&amp#27;[32m and password &amp#27;[0m&amp#27;[32m&amp#27;[1m123&amp#27;[0m&amp#27;[32m and user on landing page&amp#27;[0m &amp#27;[90m# StepDefinition.LandingPageSteps.onLandingPage(java.lang.String,java.lang.String)&amp#27;[0m
09:38:09.799 [pool-2-thread-1] DEBUG net.thucydides.core.steps.StepInterceptor - STARTING STEP: LandingPageSteps.klikSidebarBookmark - clickBookmarkButton
09:38:10.565 [pool-2-thread-1] DEBUG net.serenitybdd.core.photography.Darkroom - Send negative for processing for target\site\serenity\11021263f906ae8bc05094be9d16c9ae114868c8eec8e50b60d7409484b3b2f9.png
09:38:10.566 [pool-2-thread-1] DEBUG net.thucydides.core.steps.StepInterceptor - STEP DONE: clickBookmarkButton
  &amp#27;[32mWhen &amp#27;[0m&amp#27;[32muser klik sidebar Bookmark&amp#27;[0m                                                    &amp#27;[90m# StepDefinition.LandingPageSteps.klikSidebarBookmark()&amp#27;[0m
09:38:10.595 [pool-2-thread-1] DEBUG net.thucydides.core.steps.StepInterceptor - STARTING STEP: LandingPageSteps.onBookmarksPage - onLandingpage
09:38:10.960 [pool-2-thread-1] DEBUG net.serenitybdd.core.photography.Darkroom - Send negative for processing for target\site\serenity\4f181c65705fe8e52f87a3b02c70612396657756511efd40183f62fd4f43c77f.png
09:38:10.961 [pool-2-thread-1] DEBUG net.thucydides.core.steps.StepInterceptor - STEP DONE: onLandingpage
  &amp#27;[32mThen &amp#27;[0m&amp#27;[32muser on bookmarks page&amp#27;[0m                                                        &amp#27;[90m# StepDefinition.LandingPageSteps.onBookmarksPage()&amp#27;[0m
09:38:10.972 [pool-2-thread-1] INFO  - 
  _____   ___   ___   _____     ___     _     ___   ___   ___   ___  
 |_   _| | __| / __| |_   _|   | _ \   /_\   / __| / __| | __| |   \ 
   | |   | _|  \__ \   | |     |  _/  / _ \  \__ \ \__ \ | _|  | |) |
   |_|   |___| |___/   |_|     |_|   /_/ \_\ |___/ |___/ |___| |___/ 

User membuka Bookmarks
----------------------------------------------------------------------
]]></system-out>
    <system-err><![CDATA[Starting ChromeDriver 103.0.5060.53 (a1711811edd74ff1cf2150f36ffa3b0dae40b17f-refs/branch-heads/5060@{#853}) on port 41063
Only local connections are allowed.
Please see https://chromedriver.chromium.org/security-considerations for suggestions on keeping ChromeDriver safe.
ChromeDriver was started successfully.
Jul 18, 2022 9:38:02 AM org.openqa.selenium.remote.ProtocolHandshake createSession
INFO: Detected dialect: W3C
]]></system-err>
  </testcase>
  <testcase name="User membuka Jawab" classname="User on landing page" time="19.766">
    <system-out><![CDATA[
@landing
Scenario: User membuka Jawab                                                         &amp#27;[90m# src/test/resources/web/LandingPage.feature:44&amp#27;[0m
09:38:11.981 [pool-2-thread-1] INFO io.cucumber.core.plugin.SerenityReporter - Running feature from file:///D:/cicd/web/src/test/resources/web/LandingPage.feature
09:38:11.981 [pool-2-thread-1] WARN io.cucumber.core.plugin.SerenityReporter - Feature from file:///D:/cicd/web/src/test/resources/web/LandingPage.feature is not under the 'features' directory. Requirements report will not be correctly generated!
09:38:11.988 [pool-2-thread-1] INFO  - 
  _____   ___   ___   _____     ___   _____     _     ___   _____   ___   ___  
 |_   _| | __| / __| |_   _|   / __| |_   _|   /_\   | _ \ |_   _| | __| |   \ 
   | |   | _|  \__ \   | |     \__ \   | |    / _ \  |   /   | |   | _|  | |) |
   |_|   |___| |___/   |_|     |___/   |_|   /_/ \_\ |_|_\   |_|   |___| |___/ 

User membuka Jawab(user-on-landing-page;user-membuka-jawab)
--------------------------------------------------------------------------------
09:38:12.093 [pool-2-thread-1] DEBUG net.thucydides.core.steps.StepInterceptor - STARTING STEP: LandingPageSteps.onLandingPage - openPage
09:38:12.096 [pool-2-thread-1] INFO net.serenitybdd.core.webdriver.driverproviders.ChromeDriverProvider - Using automatically driver download
09:38:12.118 [pool-2-thread-1] DEBUG io.github.bonigarcia.wdm.cache.ResolutionCache - Resolution chrome=103 in cache (valid until 09:53:19 18/07/2022 ICT)
09:38:12.120 [pool-2-thread-1] DEBUG io.github.bonigarcia.wdm.cache.ResolutionCache - Resolution chrome103=103.0.5060.53 in cache (valid until 19:04:47 18/07/2022 ICT)
09:38:12.120 [pool-2-thread-1] INFO io.github.bonigarcia.wdm.WebDriverManager - Using chromedriver 103.0.5060.53 (resolved driver for Chrome 103)
09:38:12.135 [pool-2-thread-1] DEBUG io.github.bonigarcia.wdm.WebDriverManager - Driver chromedriver 103.0.5060.53 found in cache
09:38:12.137 [pool-2-thread-1] INFO io.github.bonigarcia.wdm.WebDriverManager - Exporting webdriver.chrome.driver as C:\Users\Siti Nurlatipah\.cache\selenium\chromedriver\win32\103.0.5060.53\chromedriver.exe
09:38:13.570 [pool-2-thread-1] INFO net.serenitybdd.core.webdriver.driverproviders.ProvideNewDriver - Instantiating driver
09:38:13.570 [pool-2-thread-1] INFO net.serenitybdd.core.webdriver.driverproviders.ProvideNewDriver - Driver capabilities: Capabilities {acceptInsecureCerts: false, base.url: https://diskusiaza.netlify.app, browserName: chrome, chrome.driver: src/test/resources/webdrive..., driver: chrome, goog:chromeOptions: {args: [], extensions: []}, loggingPrefs: org.openqa.selenium.logging...}
09:38:25.728 [pool-2-thread-1] DEBUG net.serenitybdd.core.photography.Darkroom - Send negative for processing for target\site\serenity\7556db4df44ebef8b767b3aa270c932b8cf2f9f4aff9dd178fa3083dd115384d.png
09:38:25.728 [pool-2-thread-1] DEBUG net.thucydides.core.steps.StepInterceptor - STEP DONE: openPage
09:38:27.214 [pool-2-thread-1] DEBUG net.serenitybdd.core.photography.Darkroom - Send negative for processing for target\site\serenity\f8247ad26eb30602b6502ade3eaeed5cf159dcfeea704e128dc1a3f7a583eb8c.png
09:38:27.215 [pool-2-thread-1] DEBUG net.thucydides.core.steps.StepInterceptor - STARTING STEP: LandingPageSteps.onLandingPage - onLandingpage
09:38:28.049 [pool-2-thread-1] DEBUG net.serenitybdd.core.photography.Darkroom - Send negative for processing for target\site\serenity\01de39f8380861f7e892df310886ac428efa4a0ad8f8ac0e4af8f4b7b3b1d7f4.png
09:38:28.050 [pool-2-thread-1] DEBUG net.thucydides.core.steps.StepInterceptor - STEP DONE: onLandingpage
  &amp#27;[32mGiven &amp#27;[0m&amp#27;[32muser login with email &amp#27;[0m&amp#27;[32m&amp#27;[1mii@gmail.com&amp#27;[0m&amp#27;[32m and password &amp#27;[0m&amp#27;[32m&amp#27;[1m123&amp#27;[0m&amp#27;[32m and user on landing page&amp#27;[0m &amp#27;[90m# StepDefinition.LandingPageSteps.onLandingPage(java.lang.String,java.lang.String)&amp#27;[0m
09:38:28.069 [pool-2-thread-1] DEBUG net.thucydides.core.steps.StepInterceptor - STARTING STEP: LandingPageSteps.klikSidebarJawab - clickJawabButton
09:38:28.480 [pool-2-thread-1] DEBUG net.serenitybdd.core.photography.Darkroom - Send negative for processing for target\site\serenity\3cbbddaecf9ac99a50d7558c0b04f8aa9893569ffefa1b95b8af3f309a532b15.png
09:38:28.481 [pool-2-thread-1] DEBUG net.thucydides.core.steps.StepInterceptor - STEP DONE: clickJawabButton
  &amp#27;[32mWhen &amp#27;[0m&amp#27;[32muser klik sidebar jawab&amp#27;[0m                                                       &amp#27;[90m# StepDefinition.LandingPageSteps.klikSidebarJawab()&amp#27;[0m
09:38:28.499 [pool-2-thread-1] DEBUG net.thucydides.core.steps.StepInterceptor - STARTING STEP: LandingPageSteps.onJawabPage - validateOnJawabPage
09:38:28.844 [pool-2-thread-1] DEBUG net.serenitybdd.core.photography.Darkroom - Send negative for processing for target\site\serenity\615248abe934bcc01ae6f94c6e5af238a9c0829113386f4dd61439096e914b81.png
09:38:28.845 [pool-2-thread-1] DEBUG net.thucydides.core.steps.StepInterceptor - STEP DONE: validateOnJawabPage
  &amp#27;[32mThen &amp#27;[0m&amp#27;[32muser on jawab page&amp#27;[0m                                                            &amp#27;[90m# StepDefinition.LandingPageSteps.onJawabPage()&amp#27;[0m
09:38:28.858 [pool-2-thread-1] INFO  - 
  _____   ___   ___   _____     ___     _     ___   ___   ___   ___  
 |_   _| | __| / __| |_   _|   | _ \   /_\   / __| / __| | __| |   \ 
   | |   | _|  \__ \   | |     |  _/  / _ \  \__ \ \__ \ | _|  | |) |
   |_|   |___| |___/   |_|     |_|   /_/ \_\ |___/ |___/ |___| |___/ 

User membuka Jawab
----------------------------------------------------------------------
]]></system-out>
    <system-err><![CDATA[Starting ChromeDriver 103.0.5060.53 (a1711811edd74ff1cf2150f36ffa3b0dae40b17f-refs/branch-heads/5060@{#853}) on port 15981
Only local connections are allowed.
Please see https://chromedriver.chromium.org/security-considerations for suggestions on keeping ChromeDriver safe.
ChromeDriver was started successfully.
Jul 18, 2022 9:38:16 AM org.openqa.selenium.remote.ProtocolHandshake createSession
INFO: Detected dialect: W3C
Jul 18, 2022 9:38:31 AM org.openqa.selenium.os.OsProcess destroy
SEVERE: Unable to kill process Process[pid=17596, exitValue=1]
]]></system-err>
  </testcase>
  <testcase name="User membuka Ruang" classname="User on landing page" time="26.695">
    <system-out><![CDATA[
@landing
Scenario: User membuka Ruang                                                         &amp#27;[90m# src/test/resources/web/LandingPage.feature:49&amp#27;[0m
09:38:31.738 [pool-2-thread-1] INFO io.cucumber.core.plugin.SerenityReporter - Running feature from file:///D:/cicd/web/src/test/resources/web/LandingPage.feature
09:38:31.738 [pool-2-thread-1] WARN io.cucumber.core.plugin.SerenityReporter - Feature from file:///D:/cicd/web/src/test/resources/web/LandingPage.feature is not under the 'features' directory. Requirements report will not be correctly generated!
09:38:31.743 [pool-2-thread-1] INFO  - 
  _____   ___   ___   _____     ___   _____     _     ___   _____   ___   ___  
 |_   _| | __| / __| |_   _|   / __| |_   _|   /_\   | _ \ |_   _| | __| |   \ 
   | |   | _|  \__ \   | |     \__ \   | |    / _ \  |   /   | |   | _|  | |) |
   |_|   |___| |___/   |_|     |___/   |_|   /_/ \_\ |_|_\   |_|   |___| |___/ 

User membuka Ruang(user-on-landing-page;user-membuka-ruang)
--------------------------------------------------------------------------------
09:38:31.771 [pool-2-thread-1] DEBUG net.thucydides.core.steps.StepInterceptor - STARTING STEP: LandingPageSteps.onLandingPage - openPage
09:38:31.773 [pool-2-thread-1] INFO net.serenitybdd.core.webdriver.driverproviders.ChromeDriverProvider - Using automatically driver download
09:38:31.826 [pool-2-thread-1] DEBUG io.github.bonigarcia.wdm.cache.ResolutionCache - Resolution chrome=103 in cache (valid until 09:53:19 18/07/2022 ICT)
09:38:31.828 [pool-2-thread-1] DEBUG io.github.bonigarcia.wdm.cache.ResolutionCache - Resolution chrome103=103.0.5060.53 in cache (valid until 19:04:47 18/07/2022 ICT)
09:38:31.828 [pool-2-thread-1] INFO io.github.bonigarcia.wdm.WebDriverManager - Using chromedriver 103.0.5060.53 (resolved driver for Chrome 103)
09:38:31.841 [pool-2-thread-1] DEBUG io.github.bonigarcia.wdm.WebDriverManager - Driver chromedriver 103.0.5060.53 found in cache
09:38:31.842 [pool-2-thread-1] INFO io.github.bonigarcia.wdm.WebDriverManager - Exporting webdriver.chrome.driver as C:\Users\Siti Nurlatipah\.cache\selenium\chromedriver\win32\103.0.5060.53\chromedriver.exe
09:38:32.289 [pool-2-thread-1] INFO net.serenitybdd.core.webdriver.driverproviders.ProvideNewDriver - Instantiating driver
09:38:32.289 [pool-2-thread-1] INFO net.serenitybdd.core.webdriver.driverproviders.ProvideNewDriver - Driver capabilities: Capabilities {acceptInsecureCerts: false, base.url: https://diskusiaza.netlify.app, browserName: chrome, chrome.driver: src/test/resources/webdrive..., driver: chrome, goog:chromeOptions: {args: [], extensions: []}, loggingPrefs: org.openqa.selenium.logging...}
09:38:54.730 [pool-2-thread-1] DEBUG net.serenitybdd.core.photography.Darkroom - Send negative for processing for target\site\serenity\7556db4df44ebef8b767b3aa270c932b8cf2f9f4aff9dd178fa3083dd115384d.png
09:38:54.731 [pool-2-thread-1] DEBUG net.thucydides.core.steps.StepInterceptor - STEP DONE: openPage
09:38:56.288 [pool-2-thread-1] DEBUG net.serenitybdd.core.photography.Darkroom - Send negative for processing for target\site\serenity\cc6fe3b792f4b44a0ca93b7d9ea9e95f284246f490a21baec8b683e8cc109246.png
09:38:56.289 [pool-2-thread-1] DEBUG net.thucydides.core.steps.StepInterceptor - STARTING STEP: LandingPageSteps.onLandingPage - onLandingpage
09:38:57.261 [pool-2-thread-1] DEBUG net.serenitybdd.core.photography.Darkroom - Send negative for processing for target\site\serenity\01de39f8380861f7e892df310886ac428efa4a0ad8f8ac0e4af8f4b7b3b1d7f4.png
09:38:57.261 [pool-2-thread-1] DEBUG net.thucydides.core.steps.StepInterceptor - STEP DONE: onLandingpage
  &amp#27;[32mGiven &amp#27;[0m&amp#27;[32muser login with email &amp#27;[0m&amp#27;[32m&amp#27;[1mii@gmail.com&amp#27;[0m&amp#27;[32m and password &amp#27;[0m&amp#27;[32m&amp#27;[1m123&amp#27;[0m&amp#27;[32m and user on landing page&amp#27;[0m &amp#27;[90m# StepDefinition.LandingPageSteps.onLandingPage(java.lang.String,java.lang.String)&amp#27;[0m
  &amp#27;[32mWhen &amp#27;[0m&amp#27;[32muser klik sidebar ruang&amp#27;[0m                                                       &amp#27;[90m# StepDefinition.LandingPageSteps.klikSidebarRuang()&amp#27;[0m
  &amp#27;[32mThen &amp#27;[0m&amp#27;[32muser on ruang page&amp#27;[0m                                                            &amp#27;[90m# StepDefinition.LandingPageSteps.onRuangPage()&amp#27;[0m
09:38:57.300 [pool-2-thread-1] INFO  - 
  _____   ___   ___   _____     ___     _     ___   ___   ___   ___  
 |_   _| | __| / __| |_   _|   | _ \   /_\   / __| / __| | __| |   \ 
   | |   | _|  \__ \   | |     |  _/  / _ \  \__ \ \__ \ | _|  | |) |
   |_|   |___| |___/   |_|     |_|   /_/ \_\ |___/ |___/ |___| |___/ 

User membuka Ruang
----------------------------------------------------------------------
]]></system-out>
    <system-err><![CDATA[Starting ChromeDriver 103.0.5060.53 (a1711811edd74ff1cf2150f36ffa3b0dae40b17f-refs/branch-heads/5060@{#853}) on port 36472
Only local connections are allowed.
Please see https://chromedriver.chromium.org/security-considerations for suggestions on keeping ChromeDriver safe.
ChromeDriver was started successfully.
Jul 18, 2022 9:38:34 AM org.openqa.selenium.remote.ProtocolHandshake createSession
INFO: Detected dialect: W3C
]]></system-err>
  </testcase>
  <testcase name="User membuka Profil" classname="User on landing page" time="24.03">
    <system-out><![CDATA[
@landing
Scenario: User membuka Profil                                                        &amp#27;[90m# src/test/resources/web/LandingPage.feature:54&amp#27;[0m
09:38:58.432 [pool-2-thread-1] INFO io.cucumber.core.plugin.SerenityReporter - Running feature from file:///D:/cicd/web/src/test/resources/web/LandingPage.feature
09:38:58.432 [pool-2-thread-1] WARN io.cucumber.core.plugin.SerenityReporter - Feature from file:///D:/cicd/web/src/test/resources/web/LandingPage.feature is not under the 'features' directory. Requirements report will not be correctly generated!
09:38:58.438 [pool-2-thread-1] INFO  - 
  _____   ___   ___   _____     ___   _____     _     ___   _____   ___   ___  
 |_   _| | __| / __| |_   _|   / __| |_   _|   /_\   | _ \ |_   _| | __| |   \ 
   | |   | _|  \__ \   | |     \__ \   | |    / _ \  |   /   | |   | _|  | |) |
   |_|   |___| |___/   |_|     |___/   |_|   /_/ \_\ |_|_\   |_|   |___| |___/ 

User membuka Profil(user-on-landing-page;user-membuka-profil)
--------------------------------------------------------------------------------
09:38:58.471 [pool-2-thread-1] DEBUG net.thucydides.core.steps.StepInterceptor - STARTING STEP: LandingPageSteps.onLandingPage - openPage
09:38:58.473 [pool-2-thread-1] INFO net.serenitybdd.core.webdriver.driverproviders.ChromeDriverProvider - Using automatically driver download
09:38:58.548 [pool-2-thread-1] DEBUG io.github.bonigarcia.wdm.cache.ResolutionCache - Resolution chrome=103 in cache (valid until 09:53:19 18/07/2022 ICT)
09:38:58.554 [pool-2-thread-1] DEBUG io.github.bonigarcia.wdm.cache.ResolutionCache - Resolution chrome103=103.0.5060.53 in cache (valid until 19:04:47 18/07/2022 ICT)
09:38:58.554 [pool-2-thread-1] INFO io.github.bonigarcia.wdm.WebDriverManager - Using chromedriver 103.0.5060.53 (resolved driver for Chrome 103)
09:38:58.740 [pool-2-thread-1] DEBUG io.github.bonigarcia.wdm.WebDriverManager - Driver chromedriver 103.0.5060.53 found in cache
09:38:58.749 [pool-2-thread-1] INFO io.github.bonigarcia.wdm.WebDriverManager - Exporting webdriver.chrome.driver as C:\Users\Siti Nurlatipah\.cache\selenium\chromedriver\win32\103.0.5060.53\chromedriver.exe
09:39:00.695 [pool-2-thread-1] INFO net.serenitybdd.core.webdriver.driverproviders.ProvideNewDriver - Instantiating driver
09:39:00.695 [pool-2-thread-1] INFO net.serenitybdd.core.webdriver.driverproviders.ProvideNewDriver - Driver capabilities: Capabilities {acceptInsecureCerts: false, base.url: https://diskusiaza.netlify.app, browserName: chrome, chrome.driver: src/test/resources/webdrive..., driver: chrome, goog:chromeOptions: {args: [], extensions: []}, loggingPrefs: org.openqa.selenium.logging...}
09:39:18.175 [pool-2-thread-1] DEBUG net.serenitybdd.core.photography.Darkroom - Send negative for processing for target\site\serenity\7556db4df44ebef8b767b3aa270c932b8cf2f9f4aff9dd178fa3083dd115384d.png
09:39:18.175 [pool-2-thread-1] DEBUG net.thucydides.core.steps.StepInterceptor - STEP DONE: openPage
09:39:19.621 [pool-2-thread-1] DEBUG net.serenitybdd.core.photography.Darkroom - Send negative for processing for target\site\serenity\97c1a1cc150de8410c719c882343f1be64f5e536257a8692467d73f1459b3dc9.png
09:39:19.622 [pool-2-thread-1] DEBUG net.thucydides.core.steps.StepInterceptor - STARTING STEP: LandingPageSteps.onLandingPage - onLandingpage
09:39:20.382 [pool-2-thread-1] DEBUG net.serenitybdd.core.photography.Darkroom - Send negative for processing for target\site\serenity\01de39f8380861f7e892df310886ac428efa4a0ad8f8ac0e4af8f4b7b3b1d7f4.png
09:39:20.382 [pool-2-thread-1] DEBUG net.thucydides.core.steps.StepInterceptor - STEP DONE: onLandingpage
  &amp#27;[32mGiven &amp#27;[0m&amp#27;[32muser login with email &amp#27;[0m&amp#27;[32m&amp#27;[1mii@gmail.com&amp#27;[0m&amp#27;[32m and password &amp#27;[0m&amp#27;[32m&amp#27;[1m123&amp#27;[0m&amp#27;[32m and user on landing page&amp#27;[0m &amp#27;[90m# StepDefinition.LandingPageSteps.onLandingPage(java.lang.String,java.lang.String)&amp#27;[0m
09:39:20.402 [pool-2-thread-1] DEBUG net.thucydides.core.steps.StepInterceptor - STARTING STEP: LandingPageSteps.klikSidebarProfil - clickProfileButton
09:39:20.944 [pool-2-thread-1] DEBUG net.serenitybdd.core.photography.Darkroom - Send negative for processing for target\site\serenity\b6b42c64cc789889fe5ea17d297c23ba1aa73491d96847e7b3ad3d59d65c3740.png
09:39:20.945 [pool-2-thread-1] DEBUG net.thucydides.core.steps.StepInterceptor - STEP DONE: clickProfileButton
  &amp#27;[32mWhen &amp#27;[0m&amp#27;[32muser klik sidebar profile&amp#27;[0m                                                     &amp#27;[90m# StepDefinition.LandingPageSteps.klikSidebarProfil()&amp#27;[0m
09:39:20.971 [pool-2-thread-1] DEBUG net.thucydides.core.steps.StepInterceptor - STARTING STEP: LandingPageSteps.onProfilPage - validateOnProfilePage
09:39:20.976 [pool-2-thread-1] DEBUG net.thucydides.core.steps.StepInterceptor - STEP DONE: validateOnProfilePage
  &amp#27;[32mThen &amp#27;[0m&amp#27;[32muser on Profil Page&amp#27;[0m                                                           &amp#27;[90m# StepDefinition.LandingPageSteps.onProfilPage()&amp#27;[0m
09:39:20.996 [pool-2-thread-1] INFO  - 
  _____   ___   ___   _____     ___     _     ___   ___   ___   ___  
 |_   _| | __| / __| |_   _|   | _ \   /_\   / __| / __| | __| |   \ 
   | |   | _|  \__ \   | |     |  _/  / _ \  \__ \ \__ \ | _|  | |) |
   |_|   |___| |___/   |_|     |_|   /_/ \_\ |___/ |___/ |___| |___/ 

User membuka Profil
----------------------------------------------------------------------
]]></system-out>
    <system-err><![CDATA[Starting ChromeDriver 103.0.5060.53 (a1711811edd74ff1cf2150f36ffa3b0dae40b17f-refs/branch-heads/5060@{#853}) on port 16551
Only local connections are allowed.
Please see https://chromedriver.chromium.org/security-considerations for suggestions on keeping ChromeDriver safe.
ChromeDriver was started successfully.
Jul 18, 2022 9:39:02 AM org.openqa.selenium.remote.ProtocolHandshake createSession
INFO: Detected dialect: W3C
]]></system-err>
  </testcase>
  <testcase name="User membuat Thread" classname="User on landing page" time="13.657">
    <system-out><![CDATA[
@landing
Scenario: User membuat Thread                                                        &amp#27;[90m# src/test/resources/web/LandingPage.feature:59&amp#27;[0m
09:39:22.485 [pool-2-thread-1] INFO io.cucumber.core.plugin.SerenityReporter - Running feature from file:///D:/cicd/web/src/test/resources/web/LandingPage.feature
09:39:22.485 [pool-2-thread-1] WARN io.cucumber.core.plugin.SerenityReporter - Feature from file:///D:/cicd/web/src/test/resources/web/LandingPage.feature is not under the 'features' directory. Requirements report will not be correctly generated!
09:39:22.496 [pool-2-thread-1] INFO  - 
  _____   ___   ___   _____     ___   _____     _     ___   _____   ___   ___  
 |_   _| | __| / __| |_   _|   / __| |_   _|   /_\   | _ \ |_   _| | __| |   \ 
   | |   | _|  \__ \   | |     \__ \   | |    / _ \  |   /   | |   | _|  | |) |
   |_|   |___| |___/   |_|     |___/   |_|   /_/ \_\ |_|_\   |_|   |___| |___/ 

User membuat Thread(user-on-landing-page;user-membuat-thread)
--------------------------------------------------------------------------------
09:39:22.670 [pool-2-thread-1] DEBUG net.thucydides.core.steps.StepInterceptor - STARTING STEP: LandingPageSteps.onLandingPage - openPage
09:39:22.672 [pool-2-thread-1] INFO net.serenitybdd.core.webdriver.driverproviders.ChromeDriverProvider - Using automatically driver download
09:39:22.742 [pool-2-thread-1] DEBUG io.github.bonigarcia.wdm.cache.ResolutionCache - Resolution chrome=103 in cache (valid until 09:53:19 18/07/2022 ICT)
09:39:22.744 [pool-2-thread-1] DEBUG io.github.bonigarcia.wdm.cache.ResolutionCache - Resolution chrome103=103.0.5060.53 in cache (valid until 19:04:47 18/07/2022 ICT)
09:39:22.744 [pool-2-thread-1] INFO io.github.bonigarcia.wdm.WebDriverManager - Using chromedriver 103.0.5060.53 (resolved driver for Chrome 103)
09:39:22.888 [pool-2-thread-1] DEBUG io.github.bonigarcia.wdm.WebDriverManager - Driver chromedriver 103.0.5060.53 found in cache
09:39:22.890 [pool-2-thread-1] INFO io.github.bonigarcia.wdm.WebDriverManager - Exporting webdriver.chrome.driver as C:\Users\Siti Nurlatipah\.cache\selenium\chromedriver\win32\103.0.5060.53\chromedriver.exe
09:39:23.989 [pool-2-thread-1] INFO net.serenitybdd.core.webdriver.driverproviders.ProvideNewDriver - Instantiating driver
09:39:23.989 [pool-2-thread-1] INFO net.serenitybdd.core.webdriver.driverproviders.ProvideNewDriver - Driver capabilities: Capabilities {acceptInsecureCerts: false, base.url: https://diskusiaza.netlify.app, browserName: chrome, chrome.driver: src/test/resources/webdrive..., driver: chrome, goog:chromeOptions: {args: [], extensions: []}, loggingPrefs: org.openqa.selenium.logging...}
09:39:32.192 [pool-2-thread-1] DEBUG net.serenitybdd.core.photography.Darkroom - Send negative for processing for target\site\serenity\7556db4df44ebef8b767b3aa270c932b8cf2f9f4aff9dd178fa3083dd115384d.png
09:39:32.193 [pool-2-thread-1] DEBUG net.thucydides.core.steps.StepInterceptor - STEP DONE: openPage
09:39:33.511 [pool-2-thread-1] DEBUG net.serenitybdd.core.photography.Darkroom - Send negative for processing for target\site\serenity\c91153d5ef0ebc60389fadb93a228050654adddb14a6eb5b403c493cc653da78.png
09:39:33.511 [pool-2-thread-1] DEBUG net.thucydides.core.steps.StepInterceptor - STARTING STEP: LandingPageSteps.onLandingPage - onLandingpage
09:39:34.511 [pool-2-thread-1] DEBUG net.serenitybdd.core.photography.Darkroom - Send negative for processing for target\site\serenity\01de39f8380861f7e892df310886ac428efa4a0ad8f8ac0e4af8f4b7b3b1d7f4.png
09:39:34.512 [pool-2-thread-1] DEBUG net.thucydides.core.steps.StepInterceptor - STEP DONE: onLandingpage
  &amp#27;[32mGiven &amp#27;[0m&amp#27;[32muser login with email &amp#27;[0m&amp#27;[32m&amp#27;[1mii@gmail.com&amp#27;[0m&amp#27;[32m and password &amp#27;[0m&amp#27;[32m&amp#27;[1m123&amp#27;[0m&amp#27;[32m and user on landing page&amp#27;[0m &amp#27;[90m# StepDefinition.LandingPageSteps.onLandingPage(java.lang.String,java.lang.String)&amp#27;[0m
09:39:34.531 [pool-2-thread-1] DEBUG net.thucydides.core.steps.StepInterceptor - STARTING STEP: LandingPageSteps.klikBuatThread - clickThreadButton
09:39:34.916 [pool-2-thread-1] DEBUG net.serenitybdd.core.photography.Darkroom - Send negative for processing for target\site\serenity\82bf32557543d25910bad4eaeec301d430ce8c063c75eea4b25f86f65b8888f5.png
09:39:34.917 [pool-2-thread-1] DEBUG net.thucydides.core.steps.StepInterceptor - STEP DONE: clickThreadButton
  &amp#27;[32mWhen &amp#27;[0m&amp#27;[32muser klik Buat Thread&amp#27;[0m                                                         &amp#27;[90m# StepDefinition.LandingPageSteps.klikBuatThread()&amp#27;[0m
09:39:34.941 [pool-2-thread-1] DEBUG net.thucydides.core.steps.StepInterceptor - STARTING STEP: LandingPageSteps.onThreadPage - validateOnThreadPage
09:39:34.944 [pool-2-thread-1] DEBUG net.thucydides.core.steps.StepInterceptor - STEP DONE: validateOnThreadPage
  &amp#27;[32mThen &amp#27;[0m&amp#27;[32muser on thread page&amp#27;[0m                                                           &amp#27;[90m# StepDefinition.LandingPageSteps.onThreadPage()&amp#27;[0m
09:39:34.953 [pool-2-thread-1] INFO  - 
  _____   ___   ___   _____     ___     _     ___   ___   ___   ___  
 |_   _| | __| / __| |_   _|   | _ \   /_\   / __| / __| | __| |   \ 
   | |   | _|  \__ \   | |     |  _/  / _ \  \__ \ \__ \ | _|  | |) |
   |_|   |___| |___/   |_|     |_|   /_/ \_\ |___/ |___/ |___| |___/ 

User membuat Thread
----------------------------------------------------------------------
]]></system-out>
    <system-err><![CDATA[Starting ChromeDriver 103.0.5060.53 (a1711811edd74ff1cf2150f36ffa3b0dae40b17f-refs/branch-heads/5060@{#853}) on port 34025
Only local connections are allowed.
Please see https://chromedriver.chromium.org/security-considerations for suggestions on keeping ChromeDriver safe.
ChromeDriver was started successfully.
Jul 18, 2022 9:39:26 AM org.openqa.selenium.remote.ProtocolHandshake createSession
INFO: Detected dialect: W3C
]]></system-err>
  </testcase>
</testsuite>