<?xml version="1.0" encoding="UTF-8"?>
<testsuite xmlns:xsi="http://www.w3.org/2001/XMLSchema-instance" xsi:noNamespaceSchemaLocation="https://maven.apache.org/surefire/maven-failsafe-plugin/xsd/failsafe-test-report-3.0.xsd" version="3.0" name="user on page jawaban" time="19.467" tests="1" errors="0" skipped="0" failures="0">
  <properties>
[...]
</properties>
  <testcase name="User menjawab pertanyaan" classname="user on page jawaban" time="19.467">
    <system-out><![CDATA[09:07:28.596 [main] DEBUG net.thucydides.core.util.PropertiesFileLocalPreferences - LOADING LOCAL PROPERTIES FROM D:\cicd\web\serenity.properties 

09:07:28.639 [main] DEBUG net.thucydides.core.util.PropertiesFileLocalPreferences - LOADING LOCAL PROPERTIES FROM D:\cicd\web\serenity.properties 

09:07:28.640 [main] DEBUG net.thucydides.core.util.PropertiesFileLocalPreferences - LOADING LOCAL PROPERTIES FROM D:\cicd\web\serenity.properties 

09:07:28.662 [main] DEBUG net.thucydides.core.util.PropertiesFileLocalPreferences - webdriver.driver=chrome

09:07:28.662 [main] DEBUG net.thucydides.core.util.PropertiesFileLocalPreferences - webdriver.chrome.driver=src/test/resources/webdriver/chromedriver

09:07:28.663 [main] DEBUG net.thucydides.core.util.PropertiesFileLocalPreferences - webdriver.base.url=https://diskusiaza.netlify.app

09:07:29.555 [pool-2-thread-1] INFO io.cucumber.core.plugin.SerenityReporter - Running feature from file:///D:/cicd/web/src/test/resources/web/LandingPage.feature

09:07:29.556 [pool-2-thread-1] WARN io.cucumber.core.plugin.SerenityReporter - Feature from file:///D:/cicd/web/src/test/resources/web/LandingPage.feature is not under the 'features' directory. Requirements report will not be correctly generated!

09:07:29.882 [pool-2-thread-1] DEBUG net.thucydides.core.util.PropertiesFileLocalPreferences - LOADING LOCAL PROPERTIES FROM D:\cicd\web\serenity.properties 

09:07:29.892 [pool-2-thread-1] DEBUG net.thucydides.core.util.PropertiesFileLocalPreferences - LOADING LOCAL PROPERTIES FROM D:\cicd\web\serenity.properties 

09:07:29.894 [pool-2-thread-1] DEBUG net.thucydides.core.util.PropertiesFileLocalPreferences - LOADING LOCAL PROPERTIES FROM D:\cicd\web\serenity.properties 

09:07:29.896 [pool-2-thread-1] DEBUG net.thucydides.core.util.PropertiesFileLocalPreferences - webdriver.driver=chrome

09:07:29.897 [pool-2-thread-1] DEBUG net.thucydides.core.util.PropertiesFileLocalPreferences - webdriver.chrome.driver=src/test/resources/webdriver/chromedriver

09:07:29.897 [pool-2-thread-1] DEBUG net.thucydides.core.util.PropertiesFileLocalPreferences - webdriver.base.url=https://diskusiaza.netlify.app

09:07:29.915 [pool-2-thread-1] INFO  - 

-------------------------------------------------------------------------------------
     _______. _______ .______       _______ .__   __.  __  .___________.____    ____ 
    /       ||   ____||   _  \     |   ____||  \ |  | |  | |           |\   \  /   / 
   |   (----`|  |__   |  |_)  |    |  |__   |   \|  | |  | `---|  |----` \   \/   /  
    \   \    |   __|  |      /     |   __|  |  . `  | |  |     |  |       \_    _/   
.----)   |   |  |____ |  |\  \----.|  |____ |  |\   | |  |     |  |         |  |     
|_______/    |_______|| _| `._____||_______||__| \__| |__|     |__|         |__|    
                                                                                     
 News and tutorials at http://www.serenity-bdd.info                                  
 Documentation at https://wakaleo.gitbooks.io/the-serenity-book/content/             
 Join the Serenity Community on Gitter: https://gitter.im/serenity-bdd/serenity-core 
 Serenity BDD Support and Training at http://serenity-bdd.info/#/trainingandsupport  
-------------------------------------------------------------------------------------


09:07:29.924 [pool-2-thread-1] DEBUG net.thucydides.core.steps.StepEventBus - Test suite started for story net.thucydides.core.model.Story@43bd06a1

09:07:29.929 [pool-2-thread-1] INFO  - Test Suite Started: User on landing page

09:07:29.954 [pool-2-thread-1] INFO io.cucumber.core.plugin.SerenityReporter - Running feature from file:///D:/cicd/web/src/test/resources/web/Login.feature

09:07:29.954 [pool-2-thread-1] WARN io.cucumber.core.plugin.SerenityReporter - Feature from file:///D:/cicd/web/src/test/resources/web/Login.feature is not under the 'features' directory. Requirements report will not be correctly generated!

09:07:29.970 [pool-2-thread-1] DEBUG net.thucydides.core.steps.StepEventBus - Test suite started for story net.thucydides.core.model.Story@60b2a596

09:07:29.971 [pool-2-thread-1] INFO  - Test Suite Started: User on login page

09:07:29.972 [pool-2-thread-1] INFO io.cucumber.core.plugin.SerenityReporter - Running feature from file:///D:/cicd/web/src/test/resources/web/PageJawab.feature

09:07:29.972 [pool-2-thread-1] WARN io.cucumber.core.plugin.SerenityReporter - Feature from file:///D:/cicd/web/src/test/resources/web/PageJawab.feature is not under the 'features' directory. Requirements report will not be correctly generated!

09:07:29.985 [pool-2-thread-1] DEBUG net.thucydides.core.steps.StepEventBus - Test suite started for story net.thucydides.core.model.Story@547c4c42

09:07:29.987 [pool-2-thread-1] INFO  - Test Suite Started: user on page jawaban

09:07:29.987 [pool-2-thread-1] INFO io.cucumber.core.plugin.SerenityReporter - Running feature from file:///D:/cicd/web/src/test/resources/web/PagePertanyaan.feature

09:07:29.987 [pool-2-thread-1] WARN io.cucumber.core.plugin.SerenityReporter - Feature from file:///D:/cicd/web/src/test/resources/web/PagePertanyaan.feature is not under the 'features' directory. Requirements report will not be correctly generated!

09:07:29.998 [pool-2-thread-1] DEBUG net.thucydides.core.steps.StepEventBus - Test suite started for story net.thucydides.core.model.Story@8e36d4a1

09:07:30.000 [pool-2-thread-1] INFO  - Test Suite Started: user on page pertanyaan

09:07:30.000 [pool-2-thread-1] INFO io.cucumber.core.plugin.SerenityReporter - Running feature from file:///D:/cicd/web/src/test/resources/web/PageRuangAdmin.feature

09:07:30.000 [pool-2-thread-1] WARN io.cucumber.core.plugin.SerenityReporter - Feature from file:///D:/cicd/web/src/test/resources/web/PageRuangAdmin.feature is not under the 'features' directory. Requirements report will not be correctly generated!

09:07:30.013 [pool-2-thread-1] DEBUG net.thucydides.core.steps.StepEventBus - Test suite started for story net.thucydides.core.model.Story@5f423a4

09:07:30.014 [pool-2-thread-1] INFO  - Test Suite Started: user on page ruang admin

09:07:30.014 [pool-2-thread-1] INFO io.cucumber.core.plugin.SerenityReporter - Running feature from file:///D:/cicd/web/src/test/resources/web/PageRuangModerator.feature

09:07:30.015 [pool-2-thread-1] WARN io.cucumber.core.plugin.SerenityReporter - Feature from file:///D:/cicd/web/src/test/resources/web/PageRuangModerator.feature is not under the 'features' directory. Requirements report will not be correctly generated!

09:07:30.027 [pool-2-thread-1] DEBUG net.thucydides.core.steps.StepEventBus - Test suite started for story net.thucydides.core.model.Story@42990664

09:07:30.028 [pool-2-thread-1] INFO  - Test Suite Started: user on page ruang moderator

09:07:30.028 [pool-2-thread-1] INFO io.cucumber.core.plugin.SerenityReporter - Running feature from file:///D:/cicd/web/src/test/resources/web/PageRuangUser.feature

09:07:30.028 [pool-2-thread-1] WARN io.cucumber.core.plugin.SerenityReporter - Feature from file:///D:/cicd/web/src/test/resources/web/PageRuangUser.feature is not under the 'features' directory. Requirements report will not be correctly generated!

09:07:30.040 [pool-2-thread-1] DEBUG net.thucydides.core.steps.StepEventBus - Test suite started for story net.thucydides.core.model.Story@681c742c

09:07:30.042 [pool-2-thread-1] INFO  - Test Suite Started: user on page ruang user

09:07:30.042 [pool-2-thread-1] INFO io.cucumber.core.plugin.SerenityReporter - Running feature from file:///D:/cicd/web/src/test/resources/web/Register.feature

09:07:30.042 [pool-2-thread-1] WARN io.cucumber.core.plugin.SerenityReporter - Feature from file:///D:/cicd/web/src/test/resources/web/Register.feature is not under the 'features' directory. Requirements report will not be correctly generated!

09:07:30.061 [pool-2-thread-1] DEBUG net.thucydides.core.steps.StepEventBus - Test suite started for story net.thucydides.core.model.Story@e2a1231a

09:07:30.062 [pool-2-thread-1] INFO  - Test Suite Started: user on register page



1
 Scenarios (
&amp#27;[32m1 passed&amp#27;[0m
)


6
 Steps (
&amp#27;[32m6 passed&amp#27;[0m
)


0m
19.990s






09:07:49.549 [pool-2-thread-1] DEBUG net.thucydides.core.reports.ReportService - Reporting formats: [JSON, HTML]

09:07:50.222 [pool-2-thread-1] DEBUG net.thucydides.core.reports.ReportService - Reporting formats: [JSON, HTML]

09:07:50.269 [pool-2-thread-1] DEBUG net.thucydides.core.reports.ReportService - Generating reports for 1 test outcomes using: net.thucydides.core.reports.json.JSONTestOutcomeReporter@388ba822

09:07:50.273 [pool-2-thread-1] DEBUG net.thucydides.core.reports.ReportService - Processing test outcome user on page jawaban:User menjawab pertanyaan

09:07:50.274 [pool-2-thread-1] INFO net.thucydides.core.reports.ReportService - net.thucydides.core.reports.json.JSONTestOutcomeReporter@388ba822: Generating report for test outcome: user on page jawaban:User menjawab pertanyaan

09:07:50.284 [pool-2-thread-1] DEBUG net.thucydides.core.reports.json.JSONTestOutcomeReporter - Generating JSON report for User menjawab pertanyaan to file D:\cicd\web\target\site\serenity\54a9c32c9d5b59337d40e80914f897da5cc2fe76309bf107edb583b9ef07617d.json (using temp file D:\cicd\web\target\site\serenity\54a9c32c9d5b59337d40e80914f897da5cc2fe76309bf107edb583b9ef07617d.json910cef79-75d6-4b78-a646-e8ff4c315b7e)

09:07:50.372 [pool-2-thread-1] DEBUG net.thucydides.core.reports.ReportService - Processing test outcome user on page jawaban:User menjawab pertanyaan done

09:07:50.372 [pool-2-thread-1] DEBUG net.thucydides.core.reports.ReportService - Shutting down executor service

09:07:50.373 [pool-2-thread-1] DEBUG net.thucydides.core.reports.ReportService - Reports generated in: 104 ms

09:07:50.373 [pool-2-thread-1] DEBUG net.thucydides.core.reports.ReportService - Generating reports for 1 test outcomes using: net.thucydides.core.reports.html.HtmlAcceptanceTestReporter@2c1b3a27

09:07:50.389 [pool-3-thread-1] DEBUG net.thucydides.core.reports.ReportService - Processing test outcome user on page jawaban:User menjawab pertanyaan

09:07:50.389 [pool-3-thread-1] INFO net.thucydides.core.reports.ReportService - net.thucydides.core.reports.html.HtmlAcceptanceTestReporter@2c1b3a27: Generating report for test outcome: user on page jawaban:User menjawab pertanyaan

09:07:50.429 [pool-3-thread-1] WARN net.thucydides.core.requirements.RequirementsTagProvider - Failed to load requirements: Illegal char <:> at index 4: file:\D:\cicd\web\src\test\resources\web\PageJawab.feature
java.nio.file.InvalidPathException: Illegal char <:> at index 4: file:\D:\cicd\web\src\test\resources\web\PageJawab.feature
	at java.base/sun.nio.fs.WindowsPathParser.normalize(WindowsPathParser.java:182)
	at java.base/sun.nio.fs.WindowsPathParser.parse(WindowsPathParser.java:153)
	at java.base/sun.nio.fs.WindowsPathParser.parse(WindowsPathParser.java:77)
	at java.base/sun.nio.fs.WindowsPath.parse(WindowsPath.java:92)
	at java.base/sun.nio.fs.WindowsFileSystem.getPath(WindowsFileSystem.java:229)
	at java.base/java.io.File.toPath(File.java:2329)
	at net.thucydides.core.requirements.RootDirectory.getRelativePathOf(RootDirectory.java:364)
	at net.thucydides.core.requirements.FileSystemRequirementsTagProvider.requirementWithMatchingPath(FileSystemRequirementsTagProvider.java:372)
	at net.thucydides.core.requirements.FileSystemRequirementsTagProvider.getParentRequirementOf(FileSystemRequirementsTagProvider.java:335)
	at net.thucydides.core.requirements.ParentRequirementsProvided.forOutcome(ParentRequirementsProvided.java:26)
	at net.thucydides.core.requirements.BaseRequirementsService.getParentRequirementOf(BaseRequirementsService.java:138)
	at net.thucydides.core.requirements.BaseRequirementsService.getParentRequirementFor(BaseRequirementsService.java:48)
	at net.thucydides.core.reports.html.HtmlAcceptanceTestReporter.addParentRequirmentFieldToContext(HtmlAcceptanceTestReporter.java:196)
	at net.thucydides.core.reports.html.HtmlAcceptanceTestReporter.addTestOutcomeToContext(HtmlAcceptanceTestReporter.java:190)
	at net.thucydides.core.reports.html.HtmlAcceptanceTestReporter.generateReportFor(HtmlAcceptanceTestReporter.java:105)
	at net.thucydides.core.reports.ReportService.generateReportFor(ReportService.java:246)
	at net.thucydides.core.reports.ReportService.lambda$generateReportsFor$0(ReportService.java:184)
	at java.base/java.util.concurrent.Executors$RunnableAdapter.call(Executors.java:515)
	at java.base/java.util.concurrent.FutureTask.run(FutureTask.java:264)
	at java.base/java.util.concurrent.ThreadPoolExecutor.runWorker(ThreadPoolExecutor.java:1128)
	at java.base/java.util.concurrent.ThreadPoolExecutor$Worker.run(ThreadPoolExecutor.java:628)
	at java.base/java.lang.Thread.run(Thread.java:834)

09:07:50.433 [pool-3-thread-1] WARN net.thucydides.core.requirements.RequirementsTagProvider - Failed to load requirements: Illegal char <:> at index 4: file:\D:\cicd\web\src\test\resources\web\PageJawab.feature
java.nio.file.InvalidPathException: Illegal char <:> at index 4: file:\D:\cicd\web\src\test\resources\web\PageJawab.feature
	at java.base/sun.nio.fs.WindowsPathParser.normalize(WindowsPathParser.java:182)
	at java.base/sun.nio.fs.WindowsPathParser.parse(WindowsPathParser.java:153)
	at java.base/sun.nio.fs.WindowsPathParser.parse(WindowsPathParser.java:77)
	at java.base/sun.nio.fs.WindowsPath.parse(WindowsPath.java:92)
	at java.base/sun.nio.fs.WindowsFileSystem.getPath(WindowsFileSystem.java:229)
	at java.base/java.io.File.toPath(File.java:2329)
	at net.thucydides.core.requirements.RootDirectory.getRelativePathOf(RootDirectory.java:364)
	at net.thucydides.core.requirements.FileSystemRequirementsTagProvider.requirementWithMatchingPath(FileSystemRequirementsTagProvider.java:372)
	at net.thucydides.core.requirements.FileSystemRequirementsTagProvider.getParentRequirementOf(FileSystemRequirementsTagProvider.java:335)
	at net.thucydides.core.requirements.ParentRequirementsProvided.forOutcome(ParentRequirementsProvided.java:26)
	at net.thucydides.core.requirements.BaseRequirementsService.getParentRequirementOf(BaseRequirementsService.java:138)
	at net.thucydides.core.requirements.BaseRequirementsService.getAncestorRequirementsFor(BaseRequirementsService.java:78)
	at net.thucydides.core.reports.html.HtmlAcceptanceTestReporter.addBreadcrumbs(HtmlAcceptanceTestReporter.java:226)
	at net.thucydides.core.reports.html.HtmlAcceptanceTestReporter.addParentRequirmentFieldToContext(HtmlAcceptanceTestReporter.java:214)
	at net.thucydides.core.reports.html.HtmlAcceptanceTestReporter.addTestOutcomeToContext(HtmlAcceptanceTestReporter.java:190)
	at net.thucydides.core.reports.html.HtmlAcceptanceTestReporter.generateReportFor(HtmlAcceptanceTestReporter.java:105)
	at net.thucydides.core.reports.ReportService.generateReportFor(ReportService.java:246)
	at net.thucydides.core.reports.ReportService.lambda$generateReportsFor$0(ReportService.java:184)
	at java.base/java.util.concurrent.Executors$RunnableAdapter.call(Executors.java:515)
	at java.base/java.util.concurrent.FutureTask.run(FutureTask.java:264)
	at java.base/java.util.concurrent.ThreadPoolExecutor.runWorker(ThreadPoolExecutor.java:1128)
	at java.base/java.util.concurrent.ThreadPoolExecutor$Worker.run(ThreadPoolExecutor.java:628)
	at java.base/java.lang.Thread.run(Thread.java:834)

09:07:50.435 [pool-3-thread-1] WARN net.thucydides.core.requirements.RequirementsTagProvider - Failed to load requirements: Illegal char <:> at index 4: file:\D:\cicd\web\src\test\resources\web\PageJawab.feature
java.nio.file.InvalidPathException: Illegal char <:> at index 4: file:\D:\cicd\web\src\test\resources\web\PageJawab.feature
	at java.base/sun.nio.fs.WindowsPathParser.normalize(WindowsPathParser.java:182)
	at java.base/sun.nio.fs.WindowsPathParser.parse(WindowsPathParser.java:153)
	at java.base/sun.nio.fs.WindowsPathParser.parse(WindowsPathParser.java:77)
	at java.base/sun.nio.fs.WindowsPath.parse(WindowsPath.java:92)
	at java.base/sun.nio.fs.WindowsFileSystem.getPath(WindowsFileSystem.java:229)
	at java.base/java.io.File.toPath(File.java:2329)
	at net.thucydides.core.requirements.RootDirectory.getRelativePathOf(RootDirectory.java:364)
	at net.thucydides.core.requirements.FileSystemRequirementsTagProvider.requirementWithMatchingPath(FileSystemRequirementsTagProvider.java:372)
	at net.thucydides.core.requirements.FileSystemRequirementsTagProvider.getParentRequirementOf(FileSystemRequirementsTagProvider.java:335)
	at net.thucydides.core.requirements.ParentRequirementsProvided.forOutcome(ParentRequirementsProvided.java:26)
	at net.thucydides.core.requirements.BaseRequirementsService.getParentRequirementOf(BaseRequirementsService.java:138)
	at net.thucydides.core.requirements.BaseRequirementsService.getAncestorRequirementsFor(BaseRequirementsService.java:78)
	at net.thucydides.core.tags.BreadcrumbTagFilter.getRequirementBreadcrumbsFrom(BreadcrumbTagFilter.java:51)
	at net.thucydides.core.reports.html.HtmlAcceptanceTestReporter.addBreadcrumbs(HtmlAcceptanceTestReporter.java:227)
	at net.thucydides.core.reports.html.HtmlAcceptanceTestReporter.addParentRequirmentFieldToContext(HtmlAcceptanceTestReporter.java:214)
	at net.thucydides.core.reports.html.HtmlAcceptanceTestReporter.addTestOutcomeToContext(HtmlAcceptanceTestReporter.java:190)
	at net.thucydides.core.reports.html.HtmlAcceptanceTestReporter.generateReportFor(HtmlAcceptanceTestReporter.java:105)
	at net.thucydides.core.reports.ReportService.generateReportFor(ReportService.java:246)
	at net.thucydides.core.reports.ReportService.lambda$generateReportsFor$0(ReportService.java:184)
	at java.base/java.util.concurrent.Executors$RunnableAdapter.call(Executors.java:515)
	at java.base/java.util.concurrent.FutureTask.run(FutureTask.java:264)
	at java.base/java.util.concurrent.ThreadPoolExecutor.runWorker(ThreadPoolExecutor.java:1128)
	at java.base/java.util.concurrent.ThreadPoolExecutor$Worker.run(ThreadPoolExecutor.java:628)
	at java.base/java.lang.Thread.run(Thread.java:834)

09:07:50.605 [pool-3-thread-1] WARN net.thucydides.core.requirements.RequirementsTagProvider - Failed to load requirements: Illegal char <:> at index 4: file:\D:\cicd\web\src\test\resources\web\PageJawab.feature
java.nio.file.InvalidPathException: Illegal char <:> at index 4: file:\D:\cicd\web\src\test\resources\web\PageJawab.feature
	at java.base/sun.nio.fs.WindowsPathParser.normalize(WindowsPathParser.java:182)
	at java.base/sun.nio.fs.WindowsPathParser.parse(WindowsPathParser.java:153)
	at java.base/sun.nio.fs.WindowsPathParser.parse(WindowsPathParser.java:77)
	at java.base/sun.nio.fs.WindowsPath.parse(WindowsPath.java:92)
	at java.base/sun.nio.fs.WindowsFileSystem.getPath(WindowsFileSystem.java:229)
	at java.base/java.io.File.toPath(File.java:2329)
	at net.thucydides.core.requirements.RootDirectory.getRelativePathOf(RootDirectory.java:364)
	at net.thucydides.core.requirements.FileSystemRequirementsTagProvider.requirementWithMatchingPath(FileSystemRequirementsTagProvider.java:372)
	at net.thucydides.core.requirements.FileSystemRequirementsTagProvider.getParentRequirementOf(FileSystemRequirementsTagProvider.java:335)
	at net.thucydides.core.requirements.ParentRequirementsProvided.forOutcome(ParentRequirementsProvided.java:26)
	at net.thucydides.core.requirements.BaseRequirementsService.getParentRequirementOf(BaseRequirementsService.java:138)
	at net.thucydides.core.requirements.BaseRequirementsService.getParentRequirementFor(BaseRequirementsService.java:48)
	at net.thucydides.core.reports.html.HtmlAcceptanceTestReporter.addParentRequirmentFieldToContext(HtmlAcceptanceTestReporter.java:196)
	at net.thucydides.core.reports.html.HtmlAcceptanceTestReporter.addTestOutcomeToContext(HtmlAcceptanceTestReporter.java:190)
	at net.thucydides.core.reports.html.HtmlAcceptanceTestReporter.generateScreenshotReportsFor(HtmlAcceptanceTestReporter.java:254)
	at net.thucydides.core.reports.html.HtmlAcceptanceTestReporter.generateReportFor(HtmlAcceptanceTestReporter.java:108)
	at net.thucydides.core.reports.ReportService.generateReportFor(ReportService.java:246)
	at net.thucydides.core.reports.ReportService.lambda$generateReportsFor$0(ReportService.java:184)
	at java.base/java.util.concurrent.Executors$RunnableAdapter.call(Executors.java:515)
	at java.base/java.util.concurrent.FutureTask.run(FutureTask.java:264)
	at java.base/java.util.concurrent.ThreadPoolExecutor.runWorker(ThreadPoolExecutor.java:1128)
	at java.base/java.util.concurrent.ThreadPoolExecutor$Worker.run(ThreadPoolExecutor.java:628)
	at java.base/java.lang.Thread.run(Thread.java:834)

09:07:50.606 [pool-3-thread-1] WARN net.thucydides.core.requirements.RequirementsTagProvider - Failed to load requirements: Illegal char <:> at index 4: file:\D:\cicd\web\src\test\resources\web\PageJawab.feature
java.nio.file.InvalidPathException: Illegal char <:> at index 4: file:\D:\cicd\web\src\test\resources\web\PageJawab.feature
	at java.base/sun.nio.fs.WindowsPathParser.normalize(WindowsPathParser.java:182)
	at java.base/sun.nio.fs.WindowsPathParser.parse(WindowsPathParser.java:153)
	at java.base/sun.nio.fs.WindowsPathParser.parse(WindowsPathParser.java:77)
	at java.base/sun.nio.fs.WindowsPath.parse(WindowsPath.java:92)
	at java.base/sun.nio.fs.WindowsFileSystem.getPath(WindowsFileSystem.java:229)
	at java.base/java.io.File.toPath(File.java:2329)
	at net.thucydides.core.requirements.RootDirectory.getRelativePathOf(RootDirectory.java:364)
	at net.thucydides.core.requirements.FileSystemRequirementsTagProvider.requirementWithMatchingPath(FileSystemRequirementsTagProvider.java:372)
	at net.thucydides.core.requirements.FileSystemRequirementsTagProvider.getParentRequirementOf(FileSystemRequirementsTagProvider.java:335)
	at net.thucydides.core.requirements.ParentRequirementsProvided.forOutcome(ParentRequirementsProvided.java:26)
	at net.thucydides.core.requirements.BaseRequirementsService.getParentRequirementOf(BaseRequirementsService.java:138)
	at net.thucydides.core.requirements.BaseRequirementsService.getAncestorRequirementsFor(BaseRequirementsService.java:78)
	at net.thucydides.core.reports.html.HtmlAcceptanceTestReporter.addBreadcrumbs(HtmlAcceptanceTestReporter.java:226)
	at net.thucydides.core.reports.html.HtmlAcceptanceTestReporter.addParentRequirmentFieldToContext(HtmlAcceptanceTestReporter.java:214)
	at net.thucydides.core.reports.html.HtmlAcceptanceTestReporter.addTestOutcomeToContext(HtmlAcceptanceTestReporter.java:190)
	at net.thucydides.core.reports.html.HtmlAcceptanceTestReporter.generateScreenshotReportsFor(HtmlAcceptanceTestReporter.java:254)
	at net.thucydides.core.reports.html.HtmlAcceptanceTestReporter.generateReportFor(HtmlAcceptanceTestReporter.java:108)
	at net.thucydides.core.reports.ReportService.generateReportFor(ReportService.java:246)
	at net.thucydides.core.reports.ReportService.lambda$generateReportsFor$0(ReportService.java:184)
	at java.base/java.util.concurrent.Executors$RunnableAdapter.call(Executors.java:515)
	at java.base/java.util.concurrent.FutureTask.run(FutureTask.java:264)
	at java.base/java.util.concurrent.ThreadPoolExecutor.runWorker(ThreadPoolExecutor.java:1128)
	at java.base/java.util.concurrent.ThreadPoolExecutor$Worker.run(ThreadPoolExecutor.java:628)
	at java.base/java.lang.Thread.run(Thread.java:834)

09:07:50.607 [pool-3-thread-1] WARN net.thucydides.core.requirements.RequirementsTagProvider - Failed to load requirements: Illegal char <:> at index 4: file:\D:\cicd\web\src\test\resources\web\PageJawab.feature
java.nio.file.InvalidPathException: Illegal char <:> at index 4: file:\D:\cicd\web\src\test\resources\web\PageJawab.feature
	at java.base/sun.nio.fs.WindowsPathParser.normalize(WindowsPathParser.java:182)
	at java.base/sun.nio.fs.WindowsPathParser.parse(WindowsPathParser.java:153)
	at java.base/sun.nio.fs.WindowsPathParser.parse(WindowsPathParser.java:77)
	at java.base/sun.nio.fs.WindowsPath.parse(WindowsPath.java:92)
	at java.base/sun.nio.fs.WindowsFileSystem.getPath(WindowsFileSystem.java:229)
	at java.base/java.io.File.toPath(File.java:2329)
	at net.thucydides.core.requirements.RootDirectory.getRelativePathOf(RootDirectory.java:364)
	at net.thucydides.core.requirements.FileSystemRequirementsTagProvider.requirementWithMatchingPath(FileSystemRequirementsTagProvider.java:372)
	at net.thucydides.core.requirements.FileSystemRequirementsTagProvider.getParentRequirementOf(FileSystemRequirementsTagProvider.java:335)
	at net.thucydides.core.requirements.ParentRequirementsProvided.forOutcome(ParentRequirementsProvided.java:26)
	at net.thucydides.core.requirements.BaseRequirementsService.getParentRequirementOf(BaseRequirementsService.java:138)
	at net.thucydides.core.requirements.BaseRequirementsService.getAncestorRequirementsFor(BaseRequirementsService.java:78)
	at net.thucydides.core.tags.BreadcrumbTagFilter.getRequirementBreadcrumbsFrom(BreadcrumbTagFilter.java:51)
	at net.thucydides.core.reports.html.HtmlAcceptanceTestReporter.addBreadcrumbs(HtmlAcceptanceTestReporter.java:227)
	at net.thucydides.core.reports.html.HtmlAcceptanceTestReporter.addParentRequirmentFieldToContext(HtmlAcceptanceTestReporter.java:214)
	at net.thucydides.core.reports.html.HtmlAcceptanceTestReporter.addTestOutcomeToContext(HtmlAcceptanceTestReporter.java:190)
	at net.thucydides.core.reports.html.HtmlAcceptanceTestReporter.generateScreenshotReportsFor(HtmlAcceptanceTestReporter.java:254)
	at net.thucydides.core.reports.html.HtmlAcceptanceTestReporter.generateReportFor(HtmlAcceptanceTestReporter.java:108)
	at net.thucydides.core.reports.ReportService.generateReportFor(ReportService.java:246)
	at net.thucydides.core.reports.ReportService.lambda$generateReportsFor$0(ReportService.java:184)
	at java.base/java.util.concurrent.Executors$RunnableAdapter.call(Executors.java:515)
	at java.base/java.util.concurrent.FutureTask.run(FutureTask.java:264)
	at java.base/java.util.concurrent.ThreadPoolExecutor.runWorker(ThreadPoolExecutor.java:1128)
	at java.base/java.util.concurrent.ThreadPoolExecutor$Worker.run(ThreadPoolExecutor.java:628)
	at java.base/java.lang.Thread.run(Thread.java:834)

09:07:50.844 [pool-3-thread-1] DEBUG serenity.reporting - Generating report in 54a9c32c9d5b59337d40e80914f897da5cc2fe76309bf107edb583b9ef07617d_screenshots.html

09:07:51.733 [pool-3-thread-1] DEBUG serenity.reporting - Generated report 54a9c32c9d5b59337d40e80914f897da5cc2fe76309bf107edb583b9ef07617d_screenshots.html in 889 ms

09:07:53.073 [pool-3-thread-1] DEBUG serenity.reporting - Generating report in 54a9c32c9d5b59337d40e80914f897da5cc2fe76309bf107edb583b9ef07617d.html

09:07:53.682 [pool-3-thread-1] DEBUG serenity.reporting - Generated report 54a9c32c9d5b59337d40e80914f897da5cc2fe76309bf107edb583b9ef07617d.html in 609 ms

09:07:53.682 [pool-3-thread-1] DEBUG net.thucydides.core.reports.ReportService - Processing test outcome user on page jawaban:User menjawab pertanyaan done

09:07:53.682 [pool-2-thread-1] DEBUG net.thucydides.core.reports.ReportService - Shutting down executor service

09:07:53.682 [pool-2-thread-1] DEBUG net.thucydides.core.reports.ReportService - Reports generated in: 3309 ms

09:07:54.017 [pool-2-thread-1] INFO io.cucumber.core.plugin.SerenityReporter - Cleanup test resources for URI file:///D:/cicd/web/src/test/resources/web/PageJawab.feature

09:07:54.019 [pool-2-thread-1] DEBUG net.serenitybdd.core.photography.Darkroom - Closing darkroom

09:07:54.031 [pool-2-thread-1] DEBUG net.serenitybdd.core.photography.Darkroom - Closing darkroom


@jawab
Scenario: User menjawab pertanyaan     &amp#27;[90m# src/test/resources/web/PageJawab.feature:4&amp#27;[0m
09:07:30.652 [pool-2-thread-1] INFO io.cucumber.core.plugin.SerenityReporter - Running feature from file:///D:/cicd/web/src/test/resources/web/PageJawab.feature
09:07:30.652 [pool-2-thread-1] WARN io.cucumber.core.plugin.SerenityReporter - Feature from file:///D:/cicd/web/src/test/resources/web/PageJawab.feature is not under the 'features' directory. Requirements report will not be correctly generated!
09:07:30.823 [pool-2-thread-1] INFO  - 
  _____   ___   ___   _____     ___   _____     _     ___   _____   ___   ___  
 |_   _| | __| / __| |_   _|   / __| |_   _|   /_\   | _ \ |_   _| | __| |   \ 
   | |   | _|  \__ \   | |     \__ \   | |    / _ \  |   /   | |   | _|  | |) |
   |_|   |___| |___/   |_|     |___/   |_|   /_/ \_\ |_|_\   |_|   |___| |___/ 

User menjawab pertanyaan(user-on-page-jawaban;user-menjawab-pertanyaan)
--------------------------------------------------------------------------------
09:07:32.398 [pool-2-thread-1] DEBUG net.thucydides.core.steps.StepInterceptor - STARTING STEP: PageJawabSteps.onPageJawab - onHomePage
09:07:32.469 [pool-2-thread-1] INFO net.serenitybdd.core.webdriver.driverproviders.ChromeDriverProvider - Using automatically driver download
09:07:33.143 [pool-2-thread-1] DEBUG io.github.bonigarcia.wdm.cache.ResolutionCache - Resolution chrome=103 in cache (valid until 09:53:19 18/07/2022 ICT)
09:07:33.157 [pool-2-thread-1] DEBUG io.github.bonigarcia.wdm.cache.ResolutionCache - Resolution chrome103=103.0.5060.53 in cache (valid until 19:04:47 18/07/2022 ICT)
09:07:33.158 [pool-2-thread-1] INFO io.github.bonigarcia.wdm.WebDriverManager - Using chromedriver 103.0.5060.53 (resolved driver for Chrome 103)
09:07:33.198 [pool-2-thread-1] DEBUG io.github.bonigarcia.wdm.WebDriverManager - Driver chromedriver 103.0.5060.53 found in cache
09:07:33.200 [pool-2-thread-1] INFO io.github.bonigarcia.wdm.WebDriverManager - Exporting webdriver.chrome.driver as C:\Users\Siti Nurlatipah\.cache\selenium\chromedriver\win32\103.0.5060.53\chromedriver.exe
09:07:34.831 [pool-2-thread-1] INFO net.serenitybdd.core.webdriver.driverproviders.ProvideNewDriver - Instantiating driver
09:07:34.832 [pool-2-thread-1] INFO net.serenitybdd.core.webdriver.driverproviders.ProvideNewDriver - Driver capabilities: Capabilities {acceptInsecureCerts: false, base.url: https://diskusiaza.netlify.app, browserName: chrome, chrome.driver: src/test/resources/webdrive..., driver: chrome, goog:chromeOptions: {args: [], extensions: []}, loggingPrefs: org.openqa.selenium.logging...}
09:07:44.376 [pool-2-thread-1] DEBUG net.serenitybdd.core.photography.Darkroom - Opening darkroom
09:07:44.419 [Darkroom Processing Line] DEBUG net.serenitybdd.core.photography.DarkroomProcessingLine - Darkroom processing line starting up
09:07:44.964 [pool-2-thread-1] DEBUG net.serenitybdd.core.photography.Darkroom - Send negative for processing for target\site\serenity\7556db4df44ebef8b767b3aa270c932b8cf2f9f4aff9dd178fa3083dd115384d.png
09:07:44.965 [Darkroom Processing Line] DEBUG net.serenitybdd.core.photography.DarkroomProcessingLine - Processing screenshot image in /var/screenshots/screenshot-904704716721794929
09:07:44.966 [Darkroom Processing Line] DEBUG net.serenitybdd.core.photography.DarkroomProcessingLine - Saving screenshot to target\site\serenity\7556db4df44ebef8b767b3aa270c932b8cf2f9f4aff9dd178fa3083dd115384d.png
09:07:44.969 [pool-2-thread-1] DEBUG net.thucydides.core.steps.StepInterceptor - STEP DONE: onHomePage
09:07:44.987 [pool-2-thread-1] DEBUG net.thucydides.core.steps.StepInterceptor - STARTING STEP: PageJawabSteps.onPageJawab - inputEmail
09:07:45.811 [pool-2-thread-1] DEBUG net.serenitybdd.core.photography.Darkroom - Send negative for processing for target\site\serenity\00c29540f202c1942a591118191d21505873b3ff47ad5b7340126355966841d6.png
09:07:45.813 [pool-2-thread-1] DEBUG net.thucydides.core.steps.StepInterceptor - STEP DONE: inputEmail
09:07:45.813 [Darkroom Processing Line] DEBUG net.serenitybdd.core.photography.DarkroomProcessingLine - Processing screenshot image in /var/screenshots/screenshot-11344845754876802931
09:07:45.813 [Darkroom Processing Line] DEBUG net.serenitybdd.core.photography.DarkroomProcessingLine - Saving screenshot to target\site\serenity\00c29540f202c1942a591118191d21505873b3ff47ad5b7340126355966841d6.png
09:07:45.823 [pool-2-thread-1] DEBUG net.thucydides.core.steps.StepInterceptor - STARTING STEP: PageJawabSteps.onPageJawab - inputPassword
09:07:46.552 [pool-2-thread-1] DEBUG net.serenitybdd.core.photography.Darkroom - Send negative for processing for target\site\serenity\720e1c9e328f1a7525375e1f312e577cdce08799fd7fcf32620f811049b27cc9.png
09:07:46.553 [pool-2-thread-1] DEBUG net.thucydides.core.steps.StepInterceptor - STEP DONE: inputPassword
09:07:46.553 [Darkroom Processing Line] DEBUG net.serenitybdd.core.photography.DarkroomProcessingLine - Processing screenshot image in /var/screenshots/screenshot-5019667914425247683
09:07:46.553 [Darkroom Processing Line] DEBUG net.serenitybdd.core.photography.DarkroomProcessingLine - Saving screenshot to target\site\serenity\720e1c9e328f1a7525375e1f312e577cdce08799fd7fcf32620f811049b27cc9.png
09:07:46.566 [pool-2-thread-1] DEBUG net.thucydides.core.steps.StepInterceptor - STARTING STEP: PageJawabSteps.onPageJawab - clickLoginButton
09:07:47.049 [pool-2-thread-1] DEBUG net.serenitybdd.core.photography.Darkroom - Send negative for processing for target\site\serenity\dc04964f54bd4ca778063588f7843166e0877cc36a9e01716edca8f7b8ff503c.png
09:07:47.050 [pool-2-thread-1] DEBUG net.thucydides.core.steps.StepInterceptor - STEP DONE: clickLoginButton
09:07:47.050 [Darkroom Processing Line] DEBUG net.serenitybdd.core.photography.DarkroomProcessingLine - Processing screenshot image in /var/screenshots/screenshot-6537675009313507892
09:07:47.050 [Darkroom Processing Line] DEBUG net.serenitybdd.core.photography.DarkroomProcessingLine - Saving screenshot to target\site\serenity\dc04964f54bd4ca778063588f7843166e0877cc36a9e01716edca8f7b8ff503c.png
  &amp#27;[32mGiven &amp#27;[0m&amp#27;[32muser on page jawaban&amp#27;[0m           &amp#27;[90m# StepDefinition.PageJawabSteps.onPageJawab()&amp#27;[0m
09:07:47.444 [pool-2-thread-1] DEBUG net.serenitybdd.core.photography.Darkroom - Send negative for processing for target\site\serenity\b9be3d0decb0bbc761796547b2111388faa119b3b24ecee82a72335e29b8b347.png
  &amp#27;[32mWhen &amp#27;[0m&amp#27;[32muser memilih pertanyaan&amp#27;[0m         &amp#27;[90m# StepDefinition.PageJawabSteps.pilihPertanyaan()&amp#27;[0m
09:07:47.450 [Darkroom Processing Line] DEBUG net.serenitybdd.core.photography.DarkroomProcessingLine - Processing screenshot image in /var/screenshots/screenshot-7827323941697401997
09:07:47.451 [Darkroom Processing Line] DEBUG net.serenitybdd.core.photography.DarkroomProcessingLine - Saving screenshot to target\site\serenity\b9be3d0decb0bbc761796547b2111388faa119b3b24ecee82a72335e29b8b347.png
  &amp#27;[32mAnd &amp#27;[0m&amp#27;[32muser klik jawab button&amp#27;[0m           &amp#27;[90m# StepDefinition.PageJawabSteps.jawabButton()&amp#27;[0m
09:07:47.794 [pool-2-thread-1] DEBUG net.serenitybdd.core.photography.Darkroom - Send negative for processing for target\site\serenity\3ee48c35466c490812d6f9997bec32c7d0ce02acbae2b052fb42e7ef37ee6667.png
09:07:47.802 [Darkroom Processing Line] DEBUG net.serenitybdd.core.photography.DarkroomProcessingLine - Processing screenshot image in /var/screenshots/screenshot-3734782858202469147
09:07:47.803 [Darkroom Processing Line] DEBUG net.serenitybdd.core.photography.DarkroomProcessingLine - Saving screenshot to target\site\serenity\3ee48c35466c490812d6f9997bec32c7d0ce02acbae2b052fb42e7ef37ee6667.png
  &amp#27;[32mAnd &amp#27;[0m&amp#27;[32muser menulis jawaban&amp#27;[0m             &amp#27;[90m# StepDefinition.PageJawabSteps.tulisJawaban()&amp#27;[0m
09:07:48.164 [pool-2-thread-1] DEBUG net.serenitybdd.core.photography.Darkroom - Send negative for processing for target\site\serenity\ad5dc16d5ab46b294c775eb7a92d3836575c5655bdb9a0c51c8dfe54578c1f07.png
09:07:48.165 [Darkroom Processing Line] DEBUG net.serenitybdd.core.photography.DarkroomProcessingLine - Processing screenshot image in /var/screenshots/screenshot-17613451279700711321
09:07:48.165 [Darkroom Processing Line] DEBUG net.serenitybdd.core.photography.DarkroomProcessingLine - Saving screenshot to target\site\serenity\ad5dc16d5ab46b294c775eb7a92d3836575c5655bdb9a0c51c8dfe54578c1f07.png
  &amp#27;[32mAnd &amp#27;[0m&amp#27;[32muser klik kirim button&amp#27;[0m           &amp#27;[90m# StepDefinition.PageJawabSteps.kirimButton()&amp#27;[0m
  &amp#27;[32mThen &amp#27;[0m&amp#27;[32muser sukses menjawab pertanyaan&amp#27;[0m &amp#27;[90m# StepDefinition.PageJawabSteps.successMenjawabPertanyaan()&amp#27;[0m
09:07:48.194 [pool-2-thread-1] INFO  - 
  _____   ___   ___   _____     ___     _     ___   ___   ___   ___  
 |_   _| | __| / __| |_   _|   | _ \   /_\   / __| / __| | __| |   \ 
   | |   | _|  \__ \   | |     |  _/  / _ \  \__ \ \__ \ | _|  | |) |
   |_|   |___| |___/   |_|     |_|   /_/ \_\ |___/ |___/ |___| |___/ 

User menjawab pertanyaan
----------------------------------------------------------------------
09:07:54.020 [Darkroom Processing Line] DEBUG net.serenitybdd.core.photography.DarkroomProcessingLine - Darkroom processing line shutting down
]]></system-out>
    <system-err><![CDATA[Starting ChromeDriver 103.0.5060.53 (a1711811edd74ff1cf2150f36ffa3b0dae40b17f-refs/branch-heads/5060@{#853}) on port 5405
Only local connections are allowed.
Please see https://chromedriver.chromium.org/security-considerations for suggestions on keeping ChromeDriver safe.
ChromeDriver was started successfully.
Jul 18, 2022 9:07:37 AM org.openqa.selenium.remote.ProtocolHandshake createSession
INFO: Detected dialect: W3C
]]></system-err>
  </testcase>
</testsuite>