<?xml version="1.0" encoding="UTF-8"?><testsuite errors="0" failures="0" name="User on landing page" skipped="0" tests="12" time="207.96" timestamp="2022-07-18 09:35:49"><testcase name="User membuka page pertanyaan"/><testcase name="User membuka tulis jawaban"/><testcase name="user membuka notifikasi"/><testcase name="User membuka search field"/><testcase name="User membuka Explore"/><testcase name="User membuka Trending"/><testcase name="User membuka message"/><testcase name="User membuka Bookmarks"/><testcase name="User membuka Jawab"/><testcase name="User membuka Ruang"/><testcase name="User membuka Profil"/><testcase name="User membuat Thread"/></testsuite>