<?xml version="1.0" encoding="UTF-8"?><testsuite errors="0" failures="0" name="user on register page" skipped="0" tests="8" time="143.04" timestamp="2022-07-18 09:41:23"><testcase name="User input valid data"/><testcase name="user input email tanpa menggunakan '@'"/><testcase name="user tidak memasukkan email"/><testcase name="user tidak memasukan nama depan"/><testcase name="user tidak memasukkan password"/><testcase name="user tidak memasukkan nama belakang"/><testcase name="user tidak memasukkan jenis kelamin"/><testcase name="user tidak mengisi confirm password"/></testsuite>